{"/home/travis/build/npmtest/node-npmtest-gitgoodies/test.js":{"path":"/home/travis/build/npmtest/node-npmtest-gitgoodies/test.js","s":{"1":2,"2":2,"3":2,"4":2,"5":2,"6":2,"7":2,"8":1,"9":2,"10":2,"11":1,"12":1,"13":1,"14":1,"15":2,"16":2,"17":2,"18":2,"19":1,"20":1,"21":2,"22":2,"23":2,"24":1,"25":1,"26":1,"27":1,"28":1,"29":1,"30":1,"31":1,"32":1,"33":1,"34":1,"35":1,"36":1,"37":1,"38":1,"39":2,"40":2,"41":1,"42":2,"43":2,"44":1,"45":2,"46":2,"47":1,"48":2,"49":2,"50":1,"51":1,"52":1,"53":1,"54":1},"b":{"1":[2,1,1,1],"2":[1,1,1,1],"3":[1,1],"4":[1,1],"5":[1,1],"6":[1,1],"7":[1,1],"8":[1,1],"9":[1,1],"10":[1,1,1],"11":[1,1],"12":[1,1],"13":[1,1],"14":[1,1],"15":[1,1],"16":[1,1],"17":[1,1]},"f":{"1":2,"2":2,"3":2,"4":2,"5":2,"6":1,"7":1,"8":1,"9":2,"10":2,"11":2,"12":2,"13":1},"fnMap":{"1":{"name":"(anonymous_1)","line":12,"loc":{"start":{"line":12,"column":1},"end":{"line":12,"column":13}}},"2":{"name":"(anonymous_2)","line":19,"loc":{"start":{"line":19,"column":5},"end":{"line":19,"column":17}}},"3":{"name":"(anonymous_3)","line":23,"loc":{"start":{"line":23,"column":24},"end":{"line":23,"column":36}}},"4":{"name":"(anonymous_4)","line":61,"loc":{"start":{"line":61,"column":5},"end":{"line":61,"column":17}}},"5":{"name":"(anonymous_5)","line":82,"loc":{"start":{"line":82,"column":5},"end":{"line":82,"column":17}}},"6":{"name":"(anonymous_6)","line":91,"loc":{"start":{"line":91,"column":77},"end":{"line":94,"column":10}}},"7":{"name":"(anonymous_7)","line":112,"loc":{"start":{"line":112,"column":83},"end":{"line":115,"column":10}},"skip":true},"8":{"name":"(anonymous_8)","line":123,"loc":{"start":{"line":123,"column":77},"end":{"line":126,"column":10}},"skip":true},"9":{"name":"(anonymous_9)","line":139,"loc":{"start":{"line":139,"column":12},"end":{"line":139,"column":40}},"skip":true},"10":{"name":"(anonymous_10)","line":147,"loc":{"start":{"line":147,"column":77},"end":{"line":150,"column":10}},"skip":true},"11":{"name":"(anonymous_11)","line":158,"loc":{"start":{"line":158,"column":83},"end":{"line":161,"column":10}},"skip":true},"12":{"name":"(anonymous_12)","line":169,"loc":{"start":{"line":169,"column":79},"end":{"line":172,"column":10}},"skip":true},"13":{"name":"(anonymous_13)","line":180,"loc":{"start":{"line":180,"column":75},"end":{"line":183,"column":10}},"skip":true}},"statementMap":{"1":{"start":{"line":12,"column":0},"end":{"line":195,"column":5}},"2":{"start":{"line":14,"column":4},"end":{"line":14,"column":14}},"3":{"start":{"line":19,"column":4},"end":{"line":56,"column":9}},"4":{"start":{"line":21,"column":8},"end":{"line":21,"column":19}},"5":{"start":{"line":23,"column":8},"end":{"line":35,"column":13}},"6":{"start":{"line":24,"column":12},"end":{"line":34,"column":13}},"7":{"start":{"line":25,"column":16},"end":{"line":28,"column":30}},"8":{"start":{"line":30,"column":16},"end":{"line":33,"column":27}},"9":{"start":{"line":37,"column":8},"end":{"line":39,"column":21}},"10":{"start":{"line":40,"column":8},"end":{"line":53,"column":9}},"11":{"start":{"line":43,"column":12},"end":{"line":46,"column":14}},"12":{"start":{"line":47,"column":12},"end":{"line":47,"column":18}},"13":{"start":{"line":50,"column":12},"end":{"line":51,"column":46}},"14":{"start":{"line":52,"column":12},"end":{"line":52,"column":18}},"15":{"start":{"line":55,"column":8},"end":{"line":55,"column":35}},"16":{"start":{"line":61,"column":4},"end":{"line":63,"column":9}},"17":{"start":{"line":62,"column":8},"end":{"line":62,"column":15}},"18":{"start":{"line":64,"column":4},"end":{"line":77,"column":5}},"19":{"start":{"line":70,"column":8},"end":{"line":70,"column":14}},"20":{"start":{"line":76,"column":8},"end":{"line":76,"column":14}},"21":{"start":{"line":82,"column":4},"end":{"line":84,"column":9}},"22":{"start":{"line":83,"column":8},"end":{"line":83,"column":15}},"23":{"start":{"line":85,"column":4},"end":{"line":194,"column":5}},"24":{"start":{"line":91,"column":8},"end":{"line":99,"column":10}},"25":{"start":{"line":98,"column":12},"end":{"line":98,"column":35}},"26":{"start":{"line":102,"column":8},"end":{"line":104,"column":63}},"27":{"start":{"line":105,"column":8},"end":{"line":105,"column":14}},"28":{"start":{"line":112,"column":8},"end":{"line":121,"column":10},"skip":true},"29":{"start":{"line":119,"column":12},"end":{"line":119,"column":55},"skip":true},"30":{"start":{"line":120,"column":12},"end":{"line":120,"column":48},"skip":true},"31":{"start":{"line":123,"column":8},"end":{"line":136,"column":10},"skip":true},"32":{"start":{"line":130,"column":12},"end":{"line":130,"column":76},"skip":true},"33":{"start":{"line":131,"column":12},"end":{"line":131,"column":73},"skip":true},"34":{"start":{"line":132,"column":12},"end":{"line":132,"column":74},"skip":true},"35":{"start":{"line":133,"column":12},"end":{"line":133,"column":79},"skip":true},"36":{"start":{"line":134,"column":12},"end":{"line":134,"column":25},"skip":true},"37":{"start":{"line":135,"column":12},"end":{"line":135,"column":45},"skip":true},"38":{"start":{"line":138,"column":8},"end":{"line":145,"column":14},"skip":true},"39":{"start":{"line":143,"column":16},"end":{"line":143,"column":29},"skip":true},"40":{"start":{"line":144,"column":16},"end":{"line":144,"column":55},"skip":true},"41":{"start":{"line":147,"column":8},"end":{"line":156,"column":10},"skip":true},"42":{"start":{"line":154,"column":12},"end":{"line":154,"column":25},"skip":true},"43":{"start":{"line":155,"column":12},"end":{"line":155,"column":45},"skip":true},"44":{"start":{"line":158,"column":8},"end":{"line":167,"column":10},"skip":true},"45":{"start":{"line":165,"column":12},"end":{"line":165,"column":25},"skip":true},"46":{"start":{"line":166,"column":12},"end":{"line":166,"column":48},"skip":true},"47":{"start":{"line":169,"column":8},"end":{"line":178,"column":10},"skip":true},"48":{"start":{"line":176,"column":12},"end":{"line":176,"column":25},"skip":true},"49":{"start":{"line":177,"column":12},"end":{"line":177,"column":46},"skip":true},"50":{"start":{"line":180,"column":8},"end":{"line":189,"column":10},"skip":true},"51":{"start":{"line":187,"column":12},"end":{"line":187,"column":94},"skip":true},"52":{"start":{"line":188,"column":12},"end":{"line":188,"column":48},"skip":true},"53":{"start":{"line":192,"column":8},"end":{"line":192,"column":35},"skip":true},"54":{"start":{"line":193,"column":8},"end":{"line":193,"column":14},"skip":true}},"branchMap":{"1":{"line":25,"type":"binary-expr","locations":[{"start":{"line":25,"column":23},"end":{"line":25,"column":62}},{"start":{"line":26,"column":20},"end":{"line":26,"column":70}},{"start":{"line":27,"column":20},"end":{"line":27,"column":71}},{"start":{"line":28,"column":20},"end":{"line":28,"column":29}}]},"2":{"line":30,"type":"binary-expr","locations":[{"start":{"line":30,"column":23},"end":{"line":30,"column":37}},{"start":{"line":31,"column":20},"end":{"line":31,"column":61}},{"start":{"line":32,"column":20},"end":{"line":32,"column":70}},{"start":{"line":33,"column":20},"end":{"line":33,"column":26}}]},"3":{"line":37,"type":"cond-expr","locations":[{"start":{"line":38,"column":14},"end":{"line":38,"column":20}},{"start":{"line":39,"column":14},"end":{"line":39,"column":20}}]},"4":{"line":40,"type":"switch","locations":[{"start":{"line":42,"column":8},"end":{"line":47,"column":18}},{"start":{"line":49,"column":8},"end":{"line":52,"column":18}}]},"5":{"line":44,"type":"binary-expr","locations":[{"start":{"line":44,"column":16},"end":{"line":44,"column":44}},{"start":{"line":44,"column":48},"end":{"line":44,"column":66}}]},"6":{"line":50,"type":"binary-expr","locations":[{"start":{"line":50,"column":21},"end":{"line":50,"column":49}},{"start":{"line":50,"column":53},"end":{"line":50,"column":72}}]},"7":{"line":64,"type":"switch","locations":[{"start":{"line":69,"column":4},"end":{"line":70,"column":14}},{"start":{"line":75,"column":4},"end":{"line":76,"column":14}}]},"8":{"line":85,"type":"switch","locations":[{"start":{"line":90,"column":4},"end":{"line":105,"column":14}},{"start":{"line":111,"column":4},"end":{"line":193,"column":14},"skip":true}]},"9":{"line":91,"type":"binary-expr","locations":[{"start":{"line":91,"column":42},"end":{"line":91,"column":73}},{"start":{"line":91,"column":77},"end":{"line":99,"column":9}}]},"10":{"line":102,"type":"binary-expr","locations":[{"start":{"line":102,"column":18},"end":{"line":102,"column":32}},{"start":{"line":103,"column":12},"end":{"line":103,"column":53}},{"start":{"line":104,"column":12},"end":{"line":104,"column":61}}]},"11":{"line":112,"type":"binary-expr","locations":[{"start":{"line":112,"column":45},"end":{"line":112,"column":79},"skip":true},{"start":{"line":112,"column":83},"end":{"line":121,"column":9},"skip":true}]},"12":{"line":123,"type":"binary-expr","locations":[{"start":{"line":123,"column":42},"end":{"line":123,"column":73},"skip":true},{"start":{"line":123,"column":77},"end":{"line":136,"column":9},"skip":true}]},"13":{"line":138,"type":"binary-expr","locations":[{"start":{"line":138,"column":48},"end":{"line":138,"column":85},"skip":true},{"start":{"line":139,"column":12},"end":{"line":145,"column":13},"skip":true}]},"14":{"line":147,"type":"binary-expr","locations":[{"start":{"line":147,"column":42},"end":{"line":147,"column":73},"skip":true},{"start":{"line":147,"column":77},"end":{"line":156,"column":9},"skip":true}]},"15":{"line":158,"type":"binary-expr","locations":[{"start":{"line":158,"column":45},"end":{"line":158,"column":79},"skip":true},{"start":{"line":158,"column":83},"end":{"line":167,"column":9},"skip":true}]},"16":{"line":169,"type":"binary-expr","locations":[{"start":{"line":169,"column":43},"end":{"line":169,"column":75},"skip":true},{"start":{"line":169,"column":79},"end":{"line":178,"column":9},"skip":true}]},"17":{"line":180,"type":"binary-expr","locations":[{"start":{"line":180,"column":41},"end":{"line":180,"column":71},"skip":true},{"start":{"line":180,"column":75},"end":{"line":189,"column":9},"skip":true}]}},"code":["/* istanbul instrument in package npmtest_gitgoodies */","/*jslint","    bitwise: true,","    browser: true,","    maxerr: 8,","    maxlen: 96,","    node: true,","    nomen: true,","    regexp: true,","    stupid: true","*/","(function () {","    'use strict';","    var local;","","","","    // run shared js-env code - pre-init","    (function () {","        // init local","        local = {};","        // init modeJs","        local.modeJs = (function () {","            try {","                return typeof navigator.userAgent === 'string' &&","                    typeof document.querySelector('body') === 'object' &&","                    typeof XMLHttpRequest.prototype.open === 'function' &&","                    'browser';","            } catch (errorCaughtBrowser) {","                return module.exports &&","                    typeof process.versions.node === 'string' &&","                    typeof require('http').createServer === 'function' &&","                    'node';","            }","        }());","        // init global","        local.global = local.modeJs === 'browser'","            ? window","            : global;","        switch (local.modeJs) {","        // re-init local from window.local","        case 'browser':","            local = local.global.utility2.objectSetDefault(","                local.global.utility2_rollup || local.global.local,","                local.global.utility2","            );","            break;","        // re-init local from example.js","        case 'node':","            local = (local.global.utility2_rollup || require('utility2'))","                .requireExampleJsFromReadme();","            break;","        }","        // export local","        local.global.local = local;","    }());","","","","    // run shared js-env code - function","    (function () {","        return;","    }());","    switch (local.modeJs) {","","","","    // run browser js-env code - function","    case 'browser':","        break;","","","","    // run node js-env code - function","    case 'node':","        break;","    }","","","","    // run shared js-env code - post-init","    (function () {","        return;","    }());","    switch (local.modeJs) {","","","","    // run browser js-env code - post-init","    case 'browser':","        local.testCase_browser_nullCase = local.testCase_browser_nullCase || function (","            options,","            onError","        ) {","        /*","         * this function will test browsers's null-case handling-behavior-behavior","         */","            onError(null, options);","        };","","        // run tests","        local.nop(local.modeTest &&","            document.querySelector('#testRunButton1') &&","            document.querySelector('#testRunButton1').click());","        break;","","","","    // run node js-env code - post-init","    /* istanbul ignore next */","    case 'node':","        local.testCase_buildApidoc_default = local.testCase_buildApidoc_default || function (","            options,","            onError","        ) {","        /*","         * this function will test buildApidoc's default handling-behavior-behavior","         */","            options = { modulePathList: module.paths };","            local.buildApidoc(options, onError);","        };","","        local.testCase_buildApp_default = local.testCase_buildApp_default || function (","            options,","            onError","        ) {","        /*","         * this function will test buildApp's default handling-behavior-behavior","         */","            local.testCase_buildReadme_default(options, local.onErrorThrow);","            local.testCase_buildLib_default(options, local.onErrorThrow);","            local.testCase_buildTest_default(options, local.onErrorThrow);","            local.testCase_buildCustomOrg_default(options, local.onErrorThrow);","            options = [];","            local.buildApp(options, onError);","        };","","        local.testCase_buildCustomOrg_default = local.testCase_buildCustomOrg_default ||","            function (options, onError) {","            /*","             * this function will test buildCustomOrg's default handling-behavior","             */","                options = {};","                local.buildCustomOrg(options, onError);","            };","","        local.testCase_buildLib_default = local.testCase_buildLib_default || function (","            options,","            onError","        ) {","        /*","         * this function will test buildLib's default handling-behavior","         */","            options = {};","            local.buildLib(options, onError);","        };","","        local.testCase_buildReadme_default = local.testCase_buildReadme_default || function (","            options,","            onError","        ) {","        /*","         * this function will test buildReadme's default handling-behavior-behavior","         */","            options = {};","            local.buildReadme(options, onError);","        };","","        local.testCase_buildTest_default = local.testCase_buildTest_default || function (","            options,","            onError","        ) {","        /*","         * this function will test buildTest's default handling-behavior","         */","            options = {};","            local.buildTest(options, onError);","        };","","        local.testCase_webpage_default = local.testCase_webpage_default || function (","            options,","            onError","        ) {","        /*","         * this function will test webpage's default handling-behavior","         */","            options = { modeCoverageMerge: true, url: local.serverLocalHost + '?modeTest=1' };","            local.browserTest(options, onError);","        };","","        // run test-server","        local.testRunServer(local);","        break;","    }","}());",""],"l":{"12":2,"14":2,"19":2,"21":2,"23":2,"24":2,"25":2,"30":1,"37":2,"40":2,"43":1,"47":1,"50":1,"52":1,"55":2,"61":2,"62":2,"64":2,"70":1,"76":1,"82":2,"83":2,"85":2,"91":1,"98":1,"102":1,"105":1,"112":1,"119":1,"120":1,"123":1,"130":1,"131":1,"132":1,"133":1,"134":1,"135":1,"138":1,"143":2,"144":2,"147":1,"154":2,"155":2,"158":1,"165":2,"166":2,"169":1,"176":2,"177":2,"180":1,"187":1,"188":1,"192":1,"193":1}},"/home/travis/build/npmtest/node-npmtest-gitgoodies/lib.npmtest_gitgoodies.js":{"path":"/home/travis/build/npmtest/node-npmtest-gitgoodies/lib.npmtest_gitgoodies.js","s":{"1":2,"2":2,"3":2,"4":2,"5":2,"6":2,"7":2,"8":1,"9":2,"10":2,"11":2,"12":2,"13":1,"14":1,"15":1,"16":1},"b":{"1":[2,1,1,1],"2":[1,1,1,1],"3":[1,1],"4":[2,2],"5":[1,1]},"f":{"1":2,"2":2,"3":2},"fnMap":{"1":{"name":"(anonymous_1)","line":12,"loc":{"start":{"line":12,"column":1},"end":{"line":12,"column":13}}},"2":{"name":"(anonymous_2)","line":19,"loc":{"start":{"line":19,"column":5},"end":{"line":19,"column":17}}},"3":{"name":"(anonymous_3)","line":23,"loc":{"start":{"line":23,"column":24},"end":{"line":23,"column":36}}}},"statementMap":{"1":{"start":{"line":12,"column":0},"end":{"line":53,"column":5}},"2":{"start":{"line":14,"column":4},"end":{"line":14,"column":14}},"3":{"start":{"line":19,"column":4},"end":{"line":52,"column":9}},"4":{"start":{"line":21,"column":8},"end":{"line":21,"column":19}},"5":{"start":{"line":23,"column":8},"end":{"line":35,"column":13}},"6":{"start":{"line":24,"column":12},"end":{"line":34,"column":13}},"7":{"start":{"line":25,"column":16},"end":{"line":28,"column":30}},"8":{"start":{"line":30,"column":16},"end":{"line":33,"column":27}},"9":{"start":{"line":37,"column":8},"end":{"line":39,"column":21}},"10":{"start":{"line":41,"column":8},"end":{"line":41,"column":54}},"11":{"start":{"line":43,"column":8},"end":{"line":43,"column":55}},"12":{"start":{"line":45,"column":8},"end":{"line":51,"column":9}},"13":{"start":{"line":46,"column":12},"end":{"line":46,"column":61}},"14":{"start":{"line":48,"column":12},"end":{"line":48,"column":35}},"15":{"start":{"line":49,"column":12},"end":{"line":49,"column":49}},"16":{"start":{"line":50,"column":12},"end":{"line":50,"column":43}}},"branchMap":{"1":{"line":25,"type":"binary-expr","locations":[{"start":{"line":25,"column":23},"end":{"line":25,"column":62}},{"start":{"line":26,"column":20},"end":{"line":26,"column":70}},{"start":{"line":27,"column":20},"end":{"line":27,"column":71}},{"start":{"line":28,"column":20},"end":{"line":28,"column":29}}]},"2":{"line":30,"type":"binary-expr","locations":[{"start":{"line":30,"column":23},"end":{"line":30,"column":37}},{"start":{"line":31,"column":20},"end":{"line":31,"column":61}},{"start":{"line":32,"column":20},"end":{"line":32,"column":70}},{"start":{"line":33,"column":20},"end":{"line":33,"column":26}}]},"3":{"line":37,"type":"cond-expr","locations":[{"start":{"line":38,"column":14},"end":{"line":38,"column":20}},{"start":{"line":39,"column":14},"end":{"line":39,"column":20}}]},"4":{"line":41,"type":"binary-expr","locations":[{"start":{"line":41,"column":16},"end":{"line":41,"column":44}},{"start":{"line":41,"column":48},"end":{"line":41,"column":53}}]},"5":{"line":45,"type":"if","locations":[{"start":{"line":45,"column":8},"end":{"line":45,"column":8}},{"start":{"line":45,"column":8},"end":{"line":45,"column":8}}]}},"code":["/* istanbul instrument in package npmtest_gitgoodies */","/*jslint","    bitwise: true,","    browser: true,","    maxerr: 8,","    maxlen: 96,","    node: true,","    nomen: true,","    regexp: true,","    stupid: true","*/","(function () {","    'use strict';","    var local;","","","","    // run shared js-env code - pre-init","    (function () {","        // init local","        local = {};","        // init modeJs","        local.modeJs = (function () {","            try {","                return typeof navigator.userAgent === 'string' &&","                    typeof document.querySelector('body') === 'object' &&","                    typeof XMLHttpRequest.prototype.open === 'function' &&","                    'browser';","            } catch (errorCaughtBrowser) {","                return module.exports &&","                    typeof process.versions.node === 'string' &&","                    typeof require('http').createServer === 'function' &&","                    'node';","            }","        }());","        // init global","        local.global = local.modeJs === 'browser'","            ? window","            : global;","        // init utility2_rollup","        local = local.global.utility2_rollup || local;","        // init lib","        local.local = local.npmtest_gitgoodies = local;","        // init exports","        if (local.modeJs === 'browser') {","            local.global.utility2_npmtest_gitgoodies = local;","        } else {","            module.exports = local;","            module.exports.__dirname = __dirname;","            module.exports.module = module;","        }","    }());","}());",""],"l":{"12":2,"14":2,"19":2,"21":2,"23":2,"24":2,"25":2,"30":1,"37":2,"41":2,"43":2,"45":2,"46":1,"48":1,"49":1,"50":1}},"/home/travis/build/npmtest/node-npmtest-gitgoodies/example.js":{"path":"/home/travis/build/npmtest/node-npmtest-gitgoodies/example.js","s":{"1":2,"2":2,"3":2,"4":2,"5":2,"6":2,"7":2,"8":1,"9":2,"10":2,"11":2,"12":2,"13":1,"14":2,"15":2,"16":2,"17":2,"18":2,"19":0,"20":2,"21":1,"22":1,"23":1,"24":1,"25":1,"26":0,"27":0,"28":1,"29":1,"30":2,"31":0,"32":0,"33":0,"34":1,"35":2,"36":2,"37":3,"38":3,"39":3,"40":3,"41":0,"42":3,"43":3,"44":3,"45":1,"46":3,"47":1,"48":1,"49":1,"50":1,"51":1,"52":1,"53":1,"54":1,"55":1,"56":1,"57":0,"58":1,"59":6,"60":6,"61":1,"62":2,"63":0,"64":2,"65":1,"66":1,"67":0,"68":0,"69":0,"70":0,"71":0,"72":0,"73":0,"74":0,"75":0,"76":0,"77":0,"78":0,"79":0,"80":0,"81":0,"82":0,"83":0},"b":{"1":[2,1,1,1],"2":[1,1,1,1],"3":[1,1],"4":[2,2],"5":[1,1],"6":[1,1],"7":[2,0],"8":[2,1,1,1,1,1],"9":[0,2,0],"10":[1,1],"11":[2,1,1],"12":[1,0],"13":[0,2],"14":[2,0,0,0,0,0,0],"15":[0,3],"16":[3,0],"17":[1,1],"18":[0,1],"19":[1,2,0,2],"20":[1,0],"21":[1,1],"22":[0,0],"23":[0,0],"24":[0,0],"25":[0,0],"26":[0,0],"27":[0,0],"28":[0,0]},"f":{"1":2,"2":2,"3":2,"4":2,"5":2,"6":2,"7":3,"8":3,"9":3,"10":1,"11":6,"12":0},"fnMap":{"1":{"name":"(anonymous_1)","line":26,"loc":{"start":{"line":26,"column":1},"end":{"line":26,"column":13}}},"2":{"name":"(anonymous_2)","line":33,"loc":{"start":{"line":33,"column":5},"end":{"line":33,"column":17}}},"3":{"name":"(anonymous_3)","line":37,"loc":{"start":{"line":37,"column":24},"end":{"line":37,"column":36}}},"4":{"name":"(anonymous_4)","line":69,"loc":{"start":{"line":69,"column":31},"end":{"line":69,"column":48}},"skip":true},"5":{"name":"(anonymous_5)","line":78,"loc":{"start":{"line":78,"column":26},"end":{"line":78,"column":45}},"skip":true},"6":{"name":"(anonymous_6)","line":123,"loc":{"start":{"line":123,"column":33},"end":{"line":123,"column":48}},"skip":true},"7":{"name":"(anonymous_7)","line":125,"loc":{"start":{"line":125,"column":27},"end":{"line":125,"column":39}},"skip":true},"8":{"name":"(anonymous_8)","line":133,"loc":{"start":{"line":133,"column":59},"end":{"line":133,"column":74}},"skip":true},"9":{"name":"(anonymous_9)","line":143,"loc":{"start":{"line":143,"column":45},"end":{"line":143,"column":62}},"skip":true},"10":{"name":"(anonymous_10)","line":144,"loc":{"start":{"line":144,"column":73},"end":{"line":144,"column":92}},"skip":true},"11":{"name":"(anonymous_11)","line":272,"loc":{"start":{"line":272,"column":51},"end":{"line":272,"column":77}},"skip":true},"12":{"name":"(anonymous_12)","line":315,"loc":{"start":{"line":315,"column":32},"end":{"line":315,"column":61}},"skip":true}},"statementMap":{"1":{"start":{"line":26,"column":0},"end":{"line":326,"column":5}},"2":{"start":{"line":28,"column":4},"end":{"line":28,"column":14}},"3":{"start":{"line":33,"column":4},"end":{"line":60,"column":9}},"4":{"start":{"line":35,"column":8},"end":{"line":35,"column":19}},"5":{"start":{"line":37,"column":8},"end":{"line":49,"column":13}},"6":{"start":{"line":38,"column":12},"end":{"line":48,"column":13}},"7":{"start":{"line":39,"column":16},"end":{"line":42,"column":30}},"8":{"start":{"line":44,"column":16},"end":{"line":47,"column":27}},"9":{"start":{"line":51,"column":8},"end":{"line":53,"column":21}},"10":{"start":{"line":55,"column":8},"end":{"line":57,"column":45}},"11":{"start":{"line":59,"column":8},"end":{"line":59,"column":35}},"12":{"start":{"line":61,"column":4},"end":{"line":325,"column":5}},"13":{"start":{"line":69,"column":8},"end":{"line":121,"column":10},"skip":true},"14":{"start":{"line":70,"column":12},"end":{"line":88,"column":13},"skip":true},"15":{"start":{"line":76,"column":16},"end":{"line":87,"column":19},"skip":true},"16":{"start":{"line":79,"column":20},"end":{"line":86,"column":21},"skip":true},"17":{"start":{"line":82,"column":24},"end":{"line":82,"column":43},"skip":true},"18":{"start":{"line":83,"column":24},"end":{"line":83,"column":30},"skip":true},"19":{"start":{"line":85,"column":24},"end":{"line":85,"column":49},"skip":true},"20":{"start":{"line":89,"column":12},"end":{"line":107,"column":13},"skip":true},"21":{"start":{"line":92,"column":16},"end":{"line":102,"column":17},"skip":true},"22":{"start":{"line":93,"column":20},"end":{"line":93,"column":86},"skip":true},"23":{"start":{"line":94,"column":20},"end":{"line":95,"column":45},"skip":true},"24":{"start":{"line":96,"column":20},"end":{"line":96,"column":42},"skip":true},"25":{"start":{"line":97,"column":20},"end":{"line":97,"column":48},"skip":true},"26":{"start":{"line":100,"column":20},"end":{"line":100,"column":85},"skip":true},"27":{"start":{"line":101,"column":20},"end":{"line":101,"column":96},"skip":true},"28":{"start":{"line":103,"column":16},"end":{"line":103,"column":22},"skip":true},"29":{"start":{"line":106,"column":16},"end":{"line":106,"column":22},"skip":true},"30":{"start":{"line":108,"column":12},"end":{"line":120,"column":13},"skip":true},"31":{"start":{"line":114,"column":16},"end":{"line":119,"column":17},"skip":true},"32":{"start":{"line":116,"column":20},"end":{"line":116,"column":78},"skip":true},"33":{"start":{"line":118,"column":20},"end":{"line":118,"column":47},"skip":true},"34":{"start":{"line":123,"column":8},"end":{"line":141,"column":11},"skip":true},"35":{"start":{"line":124,"column":12},"end":{"line":124,"column":54},"skip":true},"36":{"start":{"line":125,"column":12},"end":{"line":140,"column":14},"skip":true},"37":{"start":{"line":126,"column":16},"end":{"line":126,"column":28},"skip":true},"38":{"start":{"line":127,"column":16},"end":{"line":127,"column":69},"skip":true},"39":{"start":{"line":128,"column":16},"end":{"line":128,"column":75},"skip":true},"40":{"start":{"line":129,"column":16},"end":{"line":131,"column":17},"skip":true},"41":{"start":{"line":130,"column":20},"end":{"line":130,"column":27},"skip":true},"42":{"start":{"line":133,"column":16},"end":{"line":137,"column":36},"skip":true},"43":{"start":{"line":134,"column":20},"end":{"line":136,"column":55},"skip":true},"44":{"start":{"line":139,"column":16},"end":{"line":139,"column":57},"skip":true},"45":{"start":{"line":143,"column":8},"end":{"line":147,"column":11},"skip":true},"46":{"start":{"line":144,"column":12},"end":{"line":146,"column":15},"skip":true},"47":{"start":{"line":145,"column":16},"end":{"line":145,"column":70},"skip":true},"48":{"start":{"line":149,"column":8},"end":{"line":149,"column":31},"skip":true},"49":{"start":{"line":150,"column":8},"end":{"line":150,"column":14},"skip":true},"50":{"start":{"line":158,"column":8},"end":{"line":158,"column":31},"skip":true},"51":{"start":{"line":160,"column":8},"end":{"line":160,"column":33},"skip":true},"52":{"start":{"line":161,"column":8},"end":{"line":161,"column":37},"skip":true},"53":{"start":{"line":162,"column":8},"end":{"line":162,"column":35},"skip":true},"54":{"start":{"line":164,"column":8},"end":{"line":164,"column":50},"skip":true},"55":{"start":{"line":166,"column":8},"end":{"line":256,"column":2},"skip":true},"56":{"start":{"line":258,"column":8},"end":{"line":286,"column":9},"skip":true},"57":{"start":{"line":259,"column":12},"end":{"line":269,"column":14},"skip":true},"58":{"start":{"line":271,"column":12},"end":{"line":285,"column":19},"skip":true},"59":{"start":{"line":274,"column":20},"end":{"line":274,"column":35},"skip":true},"60":{"start":{"line":275,"column":20},"end":{"line":284,"column":21},"skip":true},"61":{"start":{"line":277,"column":24},"end":{"line":277,"column":64},"skip":true},"62":{"start":{"line":279,"column":24},"end":{"line":279,"column":40},"skip":true},"63":{"start":{"line":281,"column":24},"end":{"line":281,"column":40},"skip":true},"64":{"start":{"line":283,"column":24},"end":{"line":283,"column":39},"skip":true},"65":{"start":{"line":288,"column":8},"end":{"line":290,"column":9},"skip":true},"66":{"start":{"line":289,"column":12},"end":{"line":289,"column":18},"skip":true},"67":{"start":{"line":291,"column":8},"end":{"line":293,"column":54},"skip":true},"68":{"start":{"line":296,"column":8},"end":{"line":301,"column":37},"skip":true},"69":{"start":{"line":303,"column":8},"end":{"line":303,"column":82},"skip":true},"70":{"start":{"line":306,"column":8},"end":{"line":308,"column":9},"skip":true},"71":{"start":{"line":307,"column":12},"end":{"line":307,"column":82},"skip":true},"72":{"start":{"line":310,"column":8},"end":{"line":312,"column":9},"skip":true},"73":{"start":{"line":311,"column":12},"end":{"line":311,"column":18},"skip":true},"74":{"start":{"line":313,"column":8},"end":{"line":313,"column":54},"skip":true},"75":{"start":{"line":314,"column":8},"end":{"line":314,"column":69},"skip":true},"76":{"start":{"line":315,"column":8},"end":{"line":323,"column":36},"skip":true},"77":{"start":{"line":316,"column":12},"end":{"line":316,"column":61},"skip":true},"78":{"start":{"line":317,"column":12},"end":{"line":320,"column":13},"skip":true},"79":{"start":{"line":318,"column":16},"end":{"line":318,"column":75},"skip":true},"80":{"start":{"line":319,"column":16},"end":{"line":319,"column":23},"skip":true},"81":{"start":{"line":321,"column":12},"end":{"line":321,"column":38},"skip":true},"82":{"start":{"line":322,"column":12},"end":{"line":322,"column":27},"skip":true},"83":{"start":{"line":324,"column":8},"end":{"line":324,"column":14},"skip":true}},"branchMap":{"1":{"line":39,"type":"binary-expr","locations":[{"start":{"line":39,"column":23},"end":{"line":39,"column":62}},{"start":{"line":40,"column":20},"end":{"line":40,"column":70}},{"start":{"line":41,"column":20},"end":{"line":41,"column":71}},{"start":{"line":42,"column":20},"end":{"line":42,"column":29}}]},"2":{"line":44,"type":"binary-expr","locations":[{"start":{"line":44,"column":23},"end":{"line":44,"column":37}},{"start":{"line":45,"column":20},"end":{"line":45,"column":61}},{"start":{"line":46,"column":20},"end":{"line":46,"column":70}},{"start":{"line":47,"column":20},"end":{"line":47,"column":26}}]},"3":{"line":51,"type":"cond-expr","locations":[{"start":{"line":52,"column":14},"end":{"line":52,"column":20}},{"start":{"line":53,"column":14},"end":{"line":53,"column":20}}]},"4":{"line":55,"type":"binary-expr","locations":[{"start":{"line":55,"column":16},"end":{"line":55,"column":44}},{"start":{"line":55,"column":49},"end":{"line":57,"column":43}}]},"5":{"line":55,"type":"cond-expr","locations":[{"start":{"line":56,"column":14},"end":{"line":56,"column":54}},{"start":{"line":57,"column":14},"end":{"line":57,"column":43}}]},"6":{"line":61,"type":"switch","locations":[{"start":{"line":68,"column":4},"end":{"line":150,"column":14},"skip":true},{"start":{"line":156,"column":4},"end":{"line":324,"column":14},"skip":true}]},"7":{"line":70,"type":"if","locations":[{"start":{"line":70,"column":12},"end":{"line":70,"column":12},"skip":true},{"start":{"line":70,"column":12},"end":{"line":70,"column":12},"skip":true}]},"8":{"line":70,"type":"binary-expr","locations":[{"start":{"line":70,"column":16},"end":{"line":70,"column":22},"skip":true},{"start":{"line":70,"column":27},"end":{"line":70,"column":32},"skip":true},{"start":{"line":71,"column":20},"end":{"line":71,"column":39},"skip":true},{"start":{"line":72,"column":20},"end":{"line":72,"column":49},"skip":true},{"start":{"line":73,"column":20},"end":{"line":73,"column":58},"skip":true},{"start":{"line":74,"column":20},"end":{"line":74,"column":69},"skip":true}]},"9":{"line":79,"type":"switch","locations":[{"start":{"line":80,"column":20},"end":{"line":80,"column":33},"skip":true},{"start":{"line":81,"column":20},"end":{"line":83,"column":30},"skip":true},{"start":{"line":84,"column":20},"end":{"line":85,"column":49},"skip":true}]},"10":{"line":89,"type":"switch","locations":[{"start":{"line":90,"column":12},"end":{"line":103,"column":22},"skip":true},{"start":{"line":105,"column":12},"end":{"line":106,"column":22},"skip":true}]},"11":{"line":89,"type":"binary-expr","locations":[{"start":{"line":89,"column":20},"end":{"line":89,"column":25},"skip":true},{"start":{"line":89,"column":29},"end":{"line":89,"column":48},"skip":true},{"start":{"line":89,"column":52},"end":{"line":89,"column":74},"skip":true}]},"12":{"line":92,"type":"if","locations":[{"start":{"line":92,"column":16},"end":{"line":92,"column":16},"skip":true},{"start":{"line":92,"column":16},"end":{"line":92,"column":16},"skip":true}]},"13":{"line":108,"type":"if","locations":[{"start":{"line":108,"column":12},"end":{"line":108,"column":12},"skip":true},{"start":{"line":108,"column":12},"end":{"line":108,"column":12},"skip":true}]},"14":{"line":108,"type":"binary-expr","locations":[{"start":{"line":108,"column":16},"end":{"line":108,"column":61},"skip":true},{"start":{"line":108,"column":66},"end":{"line":108,"column":72},"skip":true},{"start":{"line":108,"column":77},"end":{"line":108,"column":82},"skip":true},{"start":{"line":109,"column":20},"end":{"line":109,"column":39},"skip":true},{"start":{"line":110,"column":20},"end":{"line":110,"column":49},"skip":true},{"start":{"line":111,"column":20},"end":{"line":111,"column":58},"skip":true},{"start":{"line":112,"column":20},"end":{"line":112,"column":68},"skip":true}]},"15":{"line":129,"type":"if","locations":[{"start":{"line":129,"column":16},"end":{"line":129,"column":16},"skip":true},{"start":{"line":129,"column":16},"end":{"line":129,"column":16},"skip":true}]},"16":{"line":134,"type":"cond-expr","locations":[{"start":{"line":135,"column":26},"end":{"line":135,"column":29},"skip":true},{"start":{"line":136,"column":26},"end":{"line":136,"column":54},"skip":true}]},"17":{"line":164,"type":"binary-expr","locations":[{"start":{"line":164,"column":27},"end":{"line":164,"column":43},"skip":true},{"start":{"line":164,"column":47},"end":{"line":164,"column":49},"skip":true}]},"18":{"line":258,"type":"if","locations":[{"start":{"line":258,"column":8},"end":{"line":258,"column":8},"skip":true},{"start":{"line":258,"column":8},"end":{"line":258,"column":8},"skip":true}]},"19":{"line":275,"type":"switch","locations":[{"start":{"line":276,"column":20},"end":{"line":277,"column":64},"skip":true},{"start":{"line":278,"column":20},"end":{"line":279,"column":40},"skip":true},{"start":{"line":280,"column":20},"end":{"line":281,"column":40},"skip":true},{"start":{"line":282,"column":20},"end":{"line":283,"column":39},"skip":true}]},"20":{"line":288,"type":"if","locations":[{"start":{"line":288,"column":8},"end":{"line":288,"column":8},"skip":true},{"start":{"line":288,"column":8},"end":{"line":288,"column":8},"skip":true}]},"21":{"line":288,"type":"binary-expr","locations":[{"start":{"line":288,"column":12},"end":{"line":288,"column":40},"skip":true},{"start":{"line":288,"column":44},"end":{"line":288,"column":67},"skip":true}]},"22":{"line":292,"type":"binary-expr","locations":[{"start":{"line":292,"column":12},"end":{"line":292,"column":50},"skip":true},{"start":{"line":293,"column":12},"end":{"line":293,"column":53},"skip":true}]},"23":{"line":297,"type":"binary-expr","locations":[{"start":{"line":297,"column":12},"end":{"line":297,"column":68},"skip":true},{"start":{"line":298,"column":12},"end":{"line":301,"column":36},"skip":true}]},"24":{"line":303,"type":"binary-expr","locations":[{"start":{"line":303,"column":43},"end":{"line":303,"column":75},"skip":true},{"start":{"line":303,"column":79},"end":{"line":303,"column":81},"skip":true}]},"25":{"line":306,"type":"if","locations":[{"start":{"line":306,"column":8},"end":{"line":306,"column":8},"skip":true},{"start":{"line":306,"column":8},"end":{"line":306,"column":8},"skip":true}]},"26":{"line":310,"type":"if","locations":[{"start":{"line":310,"column":8},"end":{"line":310,"column":8},"skip":true},{"start":{"line":310,"column":8},"end":{"line":310,"column":8},"skip":true}]},"27":{"line":313,"type":"binary-expr","locations":[{"start":{"line":313,"column":27},"end":{"line":313,"column":43},"skip":true},{"start":{"line":313,"column":47},"end":{"line":313,"column":53},"skip":true}]},"28":{"line":317,"type":"if","locations":[{"start":{"line":317,"column":12},"end":{"line":317,"column":12},"skip":true},{"start":{"line":317,"column":12},"end":{"line":317,"column":12},"skip":true}]}},"code":["/*","example.js","","quickstart example","","instruction","    1. save this script as example.js","    2. run the shell command:","        $ npm install npmtest-gitgoodies && PORT=8081 node example.js","    3. play with the browser-demo on http://127.0.0.1:8081","*/","","","","/* istanbul instrument in package npmtest_gitgoodies */","/*jslint","    bitwise: true,","    browser: true,","    maxerr: 8,","    maxlen: 96,","    node: true,","    nomen: true,","    regexp: true,","    stupid: true","*/","(function () {","    'use strict';","    var local;","","","","    // run shared js-env code - pre-init","    (function () {","        // init local","        local = {};","        // init modeJs","        local.modeJs = (function () {","            try {","                return typeof navigator.userAgent === 'string' &&","                    typeof document.querySelector('body') === 'object' &&","                    typeof XMLHttpRequest.prototype.open === 'function' &&","                    'browser';","            } catch (errorCaughtBrowser) {","                return module.exports &&","                    typeof process.versions.node === 'string' &&","                    typeof require('http').createServer === 'function' &&","                    'node';","            }","        }());","        // init global","        local.global = local.modeJs === 'browser'","            ? window","            : global;","        // init utility2_rollup","        local = local.global.utility2_rollup || (local.modeJs === 'browser'","            ? local.global.utility2_npmtest_gitgoodies","            : global.utility2_moduleExports);","        // export local","        local.global.local = local;","    }());","    switch (local.modeJs) {","","","","    // post-init","    // run browser js-env code - post-init","    /* istanbul ignore next */","    case 'browser':","        local.testRunBrowser = function (event) {","            if (!event || (event &&","                    event.currentTarget &&","                    event.currentTarget.className &&","                    event.currentTarget.className.includes &&","                    event.currentTarget.className.includes('onreset'))) {","                // reset output","                Array.from(","                    document.querySelectorAll('body > .resettable')","                ).forEach(function (element) {","                    switch (element.tagName) {","                    case 'INPUT':","                    case 'TEXTAREA':","                        element.value = '';","                        break;","                    default:","                        element.textContent = '';","                    }","                });","            }","            switch (event && event.currentTarget && event.currentTarget.id) {","            case 'testRunButton1':","                // show tests","                if (document.querySelector('#testReportDiv1').style.display === 'none') {","                    document.querySelector('#testReportDiv1').style.display = 'block';","                    document.querySelector('#testRunButton1').textContent =","                        'hide internal test';","                    local.modeTest = true;","                    local.testRunDefault(local);","                // hide tests","                } else {","                    document.querySelector('#testReportDiv1').style.display = 'none';","                    document.querySelector('#testRunButton1').textContent = 'run internal test';","                }","                break;","            // custom-case","            default:","                break;","            }","            if (document.querySelector('#inputTextareaEval1') && (!event || (event &&","                    event.currentTarget &&","                    event.currentTarget.className &&","                    event.currentTarget.className.includes &&","                    event.currentTarget.className.includes('oneval')))) {","                // try to eval input-code","                try {","                    /*jslint evil: true*/","                    eval(document.querySelector('#inputTextareaEval1').value);","                } catch (errorCaught) {","                    console.error(errorCaught);","                }","            }","        };","        // log stderr and stdout to #outputTextareaStdout1","        ['error', 'log'].forEach(function (key) {","            console[key + '_original'] = console[key];","            console[key] = function () {","                var element;","                console[key + '_original'].apply(console, arguments);","                element = document.querySelector('#outputTextareaStdout1');","                if (!element) {","                    return;","                }","                // append text to #outputTextareaStdout1","                element.value += Array.from(arguments).map(function (arg) {","                    return typeof arg === 'string'","                        ? arg","                        : JSON.stringify(arg, null, 4);","                }).join(' ') + '\\n';","                // scroll textarea to bottom","                element.scrollTop = element.scrollHeight;","            };","        });","        // init event-handling","        ['change', 'click', 'keyup'].forEach(function (event) {","            Array.from(document.querySelectorAll('.on' + event)).forEach(function (element) {","                element.addEventListener(event, local.testRunBrowser);","            });","        });","        // run tests","        local.testRunBrowser();","        break;","","","","    // run node js-env code - post-init","    /* istanbul ignore next */","    case 'node':","        // export local","        module.exports = local;","        // require modules","        local.fs = require('fs');","        local.http = require('http');","        local.url = require('url');","        // init assets","        local.assetsDict = local.assetsDict || {};","        /* jslint-ignore-begin */","        local.assetsDict['/assets.index.template.html'] = '\\","<!doctype html>\\n\\","<html lang=\"en\">\\n\\","<head>\\n\\","<meta charset=\"UTF-8\">\\n\\","<meta name=\"viewport\" content=\"width=device-width, initial-scale=1\">\\n\\","<title>{{env.npm_package_name}} (v{{env.npm_package_version}})</title>\\n\\","<style>\\n\\","/*csslint\\n\\","    box-sizing: false,\\n\\","    universal-selector: false\\n\\","*/\\n\\","* {\\n\\","    box-sizing: border-box;\\n\\","}\\n\\","body {\\n\\","    background: #dde;\\n\\","    font-family: Arial, Helvetica, sans-serif;\\n\\","    margin: 2rem;\\n\\","}\\n\\","body > * {\\n\\","    margin-bottom: 1rem;\\n\\","}\\n\\",".utility2FooterDiv {\\n\\","    margin-top: 20px;\\n\\","    text-align: center;\\n\\","}\\n\\","</style>\\n\\","<style>\\n\\","/*csslint\\n\\","*/\\n\\","textarea {\\n\\","    font-family: monospace;\\n\\","    height: 10rem;\\n\\","    width: 100%;\\n\\","}\\n\\","textarea[readonly] {\\n\\","    background: #ddd;\\n\\","}\\n\\","</style>\\n\\","</head>\\n\\","<body>\\n\\","<!-- utility2-comment\\n\\","<div id=\"ajaxProgressDiv1\" style=\"background: #d00; height: 2px; left: 0; margin: 0; padding: 0; position: fixed; top: 0; transition: background 0.5s, width 1.5s; width: 25%;\"></div>\\n\\","utility2-comment -->\\n\\","<h1>\\n\\","<!-- utility2-comment\\n\\","    <a\\n\\","        {{#if env.npm_package_homepage}}\\n\\","        href=\"{{env.npm_package_homepage}}\"\\n\\","        {{/if env.npm_package_homepage}}\\n\\","        target=\"_blank\"\\n\\","    >\\n\\","utility2-comment -->\\n\\","        {{env.npm_package_name}} (v{{env.npm_package_version}})\\n\\","<!-- utility2-comment\\n\\","    </a>\\n\\","utility2-comment -->\\n\\","</h1>\\n\\","<h3>{{env.npm_package_description}}</h3>\\n\\","<!-- utility2-comment\\n\\","<h4><a download href=\"assets.app.js\">download standalone app</a></h4>\\n\\","<button class=\"onclick onreset\" id=\"testRunButton1\">run internal test</button><br>\\n\\","<div id=\"testReportDiv1\" style=\"display: none;\"></div>\\n\\","utility2-comment -->\\n\\","\\n\\","\\n\\","\\n\\","<label>stderr and stdout</label>\\n\\","<textarea class=\"resettable\" id=\"outputTextareaStdout1\" readonly></textarea>\\n\\","<!-- utility2-comment\\n\\","{{#if isRollup}}\\n\\","<script src=\"assets.app.js\"></script>\\n\\","{{#unless isRollup}}\\n\\","utility2-comment -->\\n\\","<script src=\"assets.utility2.rollup.js\"></script>\\n\\","<script src=\"jsonp.utility2._stateInit?callback=window.utility2._stateInit\"></script>\\n\\","<script src=\"assets.npmtest_gitgoodies.rollup.js\"></script>\\n\\","<script src=\"assets.example.js\"></script>\\n\\","<script src=\"assets.test.js\"></script>\\n\\","<!-- utility2-comment\\n\\","{{/if isRollup}}\\n\\","utility2-comment -->\\n\\","<div class=\"utility2FooterDiv\">\\n\\","    [ this app was created with\\n\\","    <a href=\"https://github.com/kaizhu256/node-utility2\" target=\"_blank\">utility2</a>\\n\\","    ]\\n\\","</div>\\n\\","</body>\\n\\","</html>\\n\\","';","        /* jslint-ignore-end */","        if (local.templateRender) {","            local.assetsDict['/'] = local.templateRender(","                local.assetsDict['/assets.index.template.html'],","                {","                    env: local.objectSetDefault(local.env, {","                        npm_package_description: 'the greatest app in the world!',","                        npm_package_name: 'my-app',","                        npm_package_nameAlias: 'my_app',","                        npm_package_version: '0.0.1'","                    })","                }","            );","        } else {","            local.assetsDict['/'] = local.assetsDict['/assets.index.template.html']","                .replace((/\\{\\{env\\.(\\w+?)\\}\\}/g), function (match0, match1) {","                    // jslint-hack","                    String(match0);","                    switch (match1) {","                    case 'npm_package_description':","                        return 'the greatest app in the world!';","                    case 'npm_package_name':","                        return 'my-app';","                    case 'npm_package_nameAlias':","                        return 'my_app';","                    case 'npm_package_version':","                        return '0.0.1';","                    }","                });","        }","        // run the cli","        if (local.global.utility2_rollup || module !== require.main) {","            break;","        }","        local.assetsDict['/assets.example.js'] =","            local.assetsDict['/assets.example.js'] ||","            local.fs.readFileSync(__filename, 'utf8');","        // bug-workaround - long $npm_package_buildCustomOrg","        /* jslint-ignore-begin */","        local.assetsDict['/assets.npmtest_gitgoodies.rollup.js'] =","            local.assetsDict['/assets.npmtest_gitgoodies.rollup.js'] ||","            local.fs.readFileSync(","                local.npmtest_gitgoodies.__dirname + '/lib.npmtest_gitgoodies.js',","                'utf8'","            ).replace((/^#!/), '//');","        /* jslint-ignore-end */","        local.assetsDict['/favicon.ico'] = local.assetsDict['/favicon.ico'] || '';","        // if $npm_config_timeout_exit exists,","        // then exit this process after $npm_config_timeout_exit ms","        if (Number(process.env.npm_config_timeout_exit)) {","            setTimeout(process.exit, Number(process.env.npm_config_timeout_exit));","        }","        // start server","        if (local.global.utility2_serverHttp1) {","            break;","        }","        process.env.PORT = process.env.PORT || '8081';","        console.error('server starting on port ' + process.env.PORT);","        local.http.createServer(function (request, response) {","            request.urlParsed = local.url.parse(request.url);","            if (local.assetsDict[request.urlParsed.pathname] !== undefined) {","                response.end(local.assetsDict[request.urlParsed.pathname]);","                return;","            }","            response.statusCode = 404;","            response.end();","        }).listen(process.env.PORT);","        break;","    }","}());",""],"l":{"26":2,"28":2,"33":2,"35":2,"37":2,"38":2,"39":2,"44":1,"51":2,"55":2,"59":2,"61":2,"69":1,"70":2,"76":2,"79":2,"82":2,"83":2,"85":1,"89":2,"92":1,"93":1,"94":1,"96":1,"97":1,"100":1,"101":1,"103":1,"106":1,"108":2,"114":1,"116":1,"118":1,"123":1,"124":2,"125":2,"126":3,"127":3,"128":3,"129":3,"130":1,"133":3,"134":3,"139":3,"143":1,"144":3,"145":1,"149":1,"150":1,"158":1,"160":1,"161":1,"162":1,"164":1,"166":1,"258":1,"259":1,"271":1,"274":6,"275":6,"277":1,"279":2,"281":1,"283":2,"288":1,"289":1,"291":1,"296":1,"303":1,"306":1,"307":1,"310":1,"311":1,"313":1,"314":1,"315":1,"316":1,"317":1,"318":1,"319":1,"321":1,"322":1,"324":1}},"/home/travis/build/npmtest/node-npmtest-gitgoodies/node_modules/gitgoodies/lib/gg.js":{"path":"/home/travis/build/npmtest/node-npmtest-gitgoodies/node_modules/gitgoodies/lib/gg.js","s":{"1":1,"2":1,"3":1,"4":1,"5":1,"6":1,"7":1,"8":1,"9":1,"10":0,"11":0,"12":0,"13":0,"14":1,"15":0,"16":0,"17":0,"18":0,"19":0,"20":0,"21":0,"22":0,"23":0,"24":0,"25":0,"26":1,"27":0,"28":0,"29":0,"30":0,"31":1,"32":0,"33":0,"34":0,"35":0,"36":0,"37":0,"38":0,"39":0,"40":0,"41":0,"42":0,"43":0,"44":0,"45":0,"46":0,"47":0,"48":1,"49":0,"50":0,"51":0,"52":0,"53":0,"54":0,"55":0,"56":0,"57":0,"58":0,"59":1,"60":0,"61":0,"62":0,"63":1,"64":0,"65":0,"66":1,"67":0,"68":0,"69":0,"70":0,"71":0,"72":0,"73":1,"74":0,"75":0,"76":0,"77":0,"78":0,"79":0,"80":1,"81":0,"82":0,"83":0,"84":0,"85":0,"86":0,"87":0,"88":0,"89":0,"90":0,"91":0,"92":0,"93":1,"94":0,"95":0,"96":0,"97":0,"98":0,"99":0,"100":0,"101":0,"102":0,"103":0,"104":0,"105":0,"106":0,"107":0,"108":0,"109":0,"110":0,"111":0,"112":0,"113":0,"114":0,"115":0,"116":0,"117":0,"118":1,"119":0,"120":0,"121":0,"122":0,"123":0,"124":0,"125":0,"126":0,"127":1,"128":0,"129":0,"130":0,"131":0,"132":1,"133":0,"134":0,"135":0,"136":0,"137":1,"138":0,"139":0,"140":0,"141":0,"142":0,"143":0,"144":0,"145":0,"146":0,"147":0,"148":0,"149":0,"150":0,"151":0,"152":0,"153":0,"154":0,"155":0,"156":0,"157":0,"158":0,"159":0,"160":0,"161":0,"162":0,"163":0,"164":0,"165":0,"166":0,"167":0,"168":0,"169":0,"170":0,"171":0,"172":0,"173":0,"174":0,"175":0,"176":0,"177":0,"178":0,"179":0,"180":0,"181":0,"182":0,"183":0,"184":0,"185":0,"186":0,"187":0,"188":0,"189":0,"190":0,"191":0,"192":0,"193":0,"194":0,"195":0,"196":0,"197":0,"198":0,"199":0,"200":0,"201":0,"202":0,"203":0,"204":0,"205":0,"206":0,"207":0,"208":0,"209":0,"210":0,"211":0,"212":0,"213":0,"214":0,"215":0,"216":0,"217":0,"218":0,"219":0,"220":0,"221":0,"222":0,"223":0,"224":0,"225":0,"226":0,"227":1,"228":0,"229":0,"230":0,"231":0,"232":0,"233":0,"234":0,"235":0,"236":0,"237":0,"238":0,"239":0,"240":0,"241":0,"242":0,"243":0,"244":0,"245":0,"246":0,"247":0,"248":0,"249":0,"250":0,"251":0,"252":0,"253":0,"254":0,"255":0,"256":0,"257":0,"258":0,"259":0,"260":0,"261":0,"262":0,"263":1,"264":0,"265":0,"266":0,"267":0,"268":0,"269":0,"270":0,"271":0,"272":0,"273":0,"274":0,"275":0,"276":0,"277":0,"278":0,"279":0,"280":0,"281":0,"282":0,"283":0,"284":0,"285":1,"286":0,"287":0,"288":0,"289":0,"290":0,"291":0,"292":0,"293":0,"294":0,"295":0,"296":0,"297":0,"298":0,"299":0,"300":1,"301":0,"302":0,"303":0,"304":0},"b":{"1":[0,0],"2":[0,0],"3":[0,0],"4":[0,0],"5":[0,0],"6":[0,0],"7":[0,0],"8":[0,0],"9":[0,0],"10":[0,0],"11":[0,0],"12":[0,0],"13":[0,0],"14":[0,0],"15":[0,0],"16":[0,0],"17":[0,0],"18":[0,0],"19":[0,0],"20":[0,0],"21":[0,0],"22":[0,0],"23":[0,0],"24":[0,0],"25":[0,0],"26":[0,0],"27":[0,0],"28":[0,0],"29":[0,0],"30":[0,0],"31":[0,0],"32":[0,0],"33":[0,0],"34":[0,0],"35":[0,0],"36":[0,0],"37":[0,0],"38":[0,0],"39":[0,0],"40":[0,0],"41":[0,0],"42":[0,0],"43":[0,0,0,0,0,0],"44":[0,0],"45":[0,0],"46":[0,0],"47":[0,0,0],"48":[0,0],"49":[0,0],"50":[0,0],"51":[0,0,0,0],"52":[0,0],"53":[0,0,0,0],"54":[0,0,0,0],"55":[0,0,0,0],"56":[0,0],"57":[0,0,0],"58":[0,0],"59":[0,0],"60":[0,0],"61":[0,0,0,0],"62":[0,0],"63":[0,0,0,0],"64":[0,0,0,0],"65":[0,0,0,0],"66":[0,0],"67":[0,0],"68":[0,0],"69":[0,0],"70":[0,0],"71":[0,0],"72":[0,0],"73":[0,0],"74":[0,0],"75":[0,0],"76":[0,0],"77":[0,0],"78":[0,0],"79":[0,0],"80":[0,0],"81":[0,0,0,0],"82":[0,0]},"f":{"1":0,"2":0,"3":0,"4":0,"5":0,"6":0,"7":0,"8":0,"9":0,"10":0,"11":0,"12":0,"13":0,"14":0,"15":0,"16":0,"17":0,"18":0,"19":0,"20":0,"21":0,"22":0,"23":0,"24":0,"25":0,"26":0,"27":0,"28":0,"29":0,"30":0,"31":0,"32":0,"33":0,"34":0,"35":0,"36":0,"37":0,"38":0,"39":0,"40":0},"fnMap":{"1":{"name":"(anonymous_1)","line":18,"loc":{"start":{"line":18,"column":18},"end":{"line":18,"column":29}}},"2":{"name":"(anonymous_2)","line":27,"loc":{"start":{"line":27,"column":19},"end":{"line":27,"column":57}}},"3":{"name":"(anonymous_3)","line":32,"loc":{"start":{"line":32,"column":30},"end":{"line":32,"column":53}}},"4":{"name":"(anonymous_4)","line":47,"loc":{"start":{"line":47,"column":15},"end":{"line":47,"column":26}}},"5":{"name":"(anonymous_5)","line":48,"loc":{"start":{"line":48,"column":19},"end":{"line":48,"column":51}}},"6":{"name":"(anonymous_6)","line":57,"loc":{"start":{"line":57,"column":17},"end":{"line":57,"column":36}}},"7":{"name":"(anonymous_7)","line":62,"loc":{"start":{"line":62,"column":49},"end":{"line":62,"column":81}}},"8":{"name":"(anonymous_8)","line":68,"loc":{"start":{"line":68,"column":56},"end":{"line":68,"column":88}}},"9":{"name":"(anonymous_9)","line":70,"loc":{"start":{"line":70,"column":53},"end":{"line":70,"column":85}}},"10":{"name":"(anonymous_10)","line":77,"loc":{"start":{"line":77,"column":42},"end":{"line":77,"column":56}}},"11":{"name":"(anonymous_11)","line":89,"loc":{"start":{"line":89,"column":16},"end":{"line":89,"column":37}}},"12":{"name":"(anonymous_12)","line":94,"loc":{"start":{"line":94,"column":36},"end":{"line":94,"column":68}}},"13":{"name":"(anonymous_13)","line":112,"loc":{"start":{"line":112,"column":22},"end":{"line":112,"column":43}}},"14":{"name":"(anonymous_14)","line":120,"loc":{"start":{"line":120,"column":17},"end":{"line":120,"column":28}}},"15":{"name":"(anonymous_15)","line":126,"loc":{"start":{"line":126,"column":20},"end":{"line":126,"column":37}}},"16":{"name":"(anonymous_16)","line":128,"loc":{"start":{"line":128,"column":28},"end":{"line":128,"column":60}}},"17":{"name":"(anonymous_17)","line":141,"loc":{"start":{"line":141,"column":21},"end":{"line":141,"column":47}}},"18":{"name":"(anonymous_18)","line":143,"loc":{"start":{"line":143,"column":45},"end":{"line":143,"column":77}}},"19":{"name":"(anonymous_19)","line":156,"loc":{"start":{"line":156,"column":17},"end":{"line":156,"column":43}}},"20":{"name":"(anonymous_20)","line":165,"loc":{"start":{"line":165,"column":44},"end":{"line":165,"column":76}}},"21":{"name":"(anonymous_21)","line":180,"loc":{"start":{"line":180,"column":15},"end":{"line":180,"column":26}}},"22":{"name":"(anonymous_22)","line":181,"loc":{"start":{"line":181,"column":19},"end":{"line":181,"column":51}}},"23":{"name":"(anonymous_23)","line":226,"loc":{"start":{"line":226,"column":15},"end":{"line":226,"column":26}}},"24":{"name":"(anonymous_24)","line":227,"loc":{"start":{"line":227,"column":19},"end":{"line":227,"column":51}}},"25":{"name":"(anonymous_25)","line":243,"loc":{"start":{"line":243,"column":16},"end":{"line":243,"column":27}}},"26":{"name":"(anonymous_26)","line":244,"loc":{"start":{"line":244,"column":20},"end":{"line":244,"column":52}}},"27":{"name":"(anonymous_27)","line":253,"loc":{"start":{"line":253,"column":19},"end":{"line":253,"column":30}}},"28":{"name":"(anonymous_28)","line":254,"loc":{"start":{"line":254,"column":26},"end":{"line":254,"column":58}}},"29":{"name":"(anonymous_29)","line":263,"loc":{"start":{"line":263,"column":17},"end":{"line":263,"column":28}}},"30":{"name":"(anonymous_30)","line":264,"loc":{"start":{"line":264,"column":21},"end":{"line":264,"column":53}}},"31":{"name":"(anonymous_31)","line":458,"loc":{"start":{"line":458,"column":14},"end":{"line":458,"column":29}}},"32":{"name":"(anonymous_32)","line":481,"loc":{"start":{"line":481,"column":133},"end":{"line":481,"column":165}}},"33":{"name":"(anonymous_33)","line":508,"loc":{"start":{"line":508,"column":222},"end":{"line":508,"column":254}}},"34":{"name":"(anonymous_34)","line":534,"loc":{"start":{"line":534,"column":17},"end":{"line":534,"column":32}}},"35":{"name":"(anonymous_35)","line":536,"loc":{"start":{"line":536,"column":23},"end":{"line":536,"column":55}}},"36":{"name":"(anonymous_36)","line":551,"loc":{"start":{"line":551,"column":31},"end":{"line":551,"column":63}}},"37":{"name":"(anonymous_37)","line":575,"loc":{"start":{"line":575,"column":19},"end":{"line":575,"column":36}}},"38":{"name":"(anonymous_38)","line":579,"loc":{"start":{"line":579,"column":35},"end":{"line":579,"column":67}}},"39":{"name":"(anonymous_39)","line":604,"loc":{"start":{"line":604,"column":20},"end":{"line":604,"column":39}}},"40":{"name":"(anonymous_40)","line":605,"loc":{"start":{"line":605,"column":24},"end":{"line":605,"column":56}}}},"statementMap":{"1":{"start":{"line":1,"column":0},"end":{"line":1,"column":41}},"2":{"start":{"line":4,"column":0},"end":{"line":4,"column":29}},"3":{"start":{"line":5,"column":0},"end":{"line":7,"column":3}},"4":{"start":{"line":10,"column":0},"end":{"line":10,"column":26}},"5":{"start":{"line":11,"column":0},"end":{"line":11,"column":26}},"6":{"start":{"line":12,"column":0},"end":{"line":12,"column":28}},"7":{"start":{"line":13,"column":0},"end":{"line":13,"column":32}},"8":{"start":{"line":16,"column":0},"end":{"line":16,"column":46}},"9":{"start":{"line":18,"column":0},"end":{"line":25,"column":2}},"10":{"start":{"line":19,"column":2},"end":{"line":19,"column":43}},"11":{"start":{"line":20,"column":2},"end":{"line":20,"column":32}},"12":{"start":{"line":22,"column":2},"end":{"line":22,"column":61}},"13":{"start":{"line":24,"column":2},"end":{"line":24,"column":32}},"14":{"start":{"line":27,"column":0},"end":{"line":45,"column":2}},"15":{"start":{"line":28,"column":2},"end":{"line":28,"column":43}},"16":{"start":{"line":29,"column":2},"end":{"line":29,"column":39}},"17":{"start":{"line":31,"column":2},"end":{"line":31,"column":48}},"18":{"start":{"line":32,"column":2},"end":{"line":44,"column":5}},"19":{"start":{"line":33,"column":4},"end":{"line":43,"column":5}},"20":{"start":{"line":34,"column":6},"end":{"line":37,"column":7}},"21":{"start":{"line":35,"column":8},"end":{"line":35,"column":22}},"22":{"start":{"line":36,"column":8},"end":{"line":36,"column":157}},"23":{"start":{"line":39,"column":6},"end":{"line":42,"column":7}},"24":{"start":{"line":40,"column":8},"end":{"line":40,"column":22}},"25":{"start":{"line":41,"column":8},"end":{"line":41,"column":70}},"26":{"start":{"line":47,"column":0},"end":{"line":55,"column":2}},"27":{"start":{"line":48,"column":2},"end":{"line":54,"column":5}},"28":{"start":{"line":49,"column":4},"end":{"line":53,"column":5}},"29":{"start":{"line":50,"column":6},"end":{"line":50,"column":72}},"30":{"start":{"line":52,"column":6},"end":{"line":52,"column":66}},"31":{"start":{"line":57,"column":0},"end":{"line":87,"column":2}},"32":{"start":{"line":58,"column":2},"end":{"line":58,"column":35}},"33":{"start":{"line":59,"column":2},"end":{"line":59,"column":25}},"34":{"start":{"line":61,"column":2},"end":{"line":86,"column":3}},"35":{"start":{"line":62,"column":4},"end":{"line":66,"column":7}},"36":{"start":{"line":63,"column":6},"end":{"line":63,"column":118}},"37":{"start":{"line":65,"column":6},"end":{"line":65,"column":96}},"38":{"start":{"line":68,"column":4},"end":{"line":85,"column":7}},"39":{"start":{"line":69,"column":6},"end":{"line":84,"column":7}},"40":{"start":{"line":70,"column":8},"end":{"line":75,"column":11}},"41":{"start":{"line":71,"column":10},"end":{"line":71,"column":122}},"42":{"start":{"line":73,"column":10},"end":{"line":73,"column":80}},"43":{"start":{"line":74,"column":10},"end":{"line":74,"column":100}},"44":{"start":{"line":77,"column":8},"end":{"line":83,"column":11}},"45":{"start":{"line":78,"column":10},"end":{"line":82,"column":11}},"46":{"start":{"line":79,"column":12},"end":{"line":79,"column":89}},"47":{"start":{"line":81,"column":12},"end":{"line":81,"column":81}},"48":{"start":{"line":89,"column":0},"end":{"line":110,"column":2}},"49":{"start":{"line":91,"column":2},"end":{"line":109,"column":3}},"50":{"start":{"line":92,"column":4},"end":{"line":92,"column":104}},"51":{"start":{"line":94,"column":4},"end":{"line":108,"column":7}},"52":{"start":{"line":95,"column":6},"end":{"line":107,"column":7}},"53":{"start":{"line":96,"column":8},"end":{"line":100,"column":9}},"54":{"start":{"line":97,"column":10},"end":{"line":97,"column":65}},"55":{"start":{"line":99,"column":10},"end":{"line":99,"column":89}},"56":{"start":{"line":102,"column":8},"end":{"line":106,"column":9}},"57":{"start":{"line":103,"column":10},"end":{"line":103,"column":90}},"58":{"start":{"line":105,"column":10},"end":{"line":105,"column":65}},"59":{"start":{"line":112,"column":0},"end":{"line":118,"column":2}},"60":{"start":{"line":113,"column":2},"end":{"line":117,"column":3}},"61":{"start":{"line":114,"column":4},"end":{"line":114,"column":30}},"62":{"start":{"line":116,"column":4},"end":{"line":116,"column":63}},"63":{"start":{"line":120,"column":0},"end":{"line":124,"column":2}},"64":{"start":{"line":121,"column":2},"end":{"line":121,"column":21}},"65":{"start":{"line":123,"column":2},"end":{"line":123,"column":48}},"66":{"start":{"line":126,"column":0},"end":{"line":139,"column":2}},"67":{"start":{"line":128,"column":2},"end":{"line":138,"column":5}},"68":{"start":{"line":129,"column":4},"end":{"line":137,"column":5}},"69":{"start":{"line":130,"column":6},"end":{"line":130,"column":23}},"70":{"start":{"line":132,"column":6},"end":{"line":136,"column":7}},"71":{"start":{"line":133,"column":8},"end":{"line":133,"column":115}},"72":{"start":{"line":135,"column":8},"end":{"line":135,"column":58}},"73":{"start":{"line":141,"column":0},"end":{"line":154,"column":2}},"74":{"start":{"line":143,"column":2},"end":{"line":153,"column":5}},"75":{"start":{"line":144,"column":4},"end":{"line":152,"column":5}},"76":{"start":{"line":145,"column":6},"end":{"line":145,"column":23}},"77":{"start":{"line":147,"column":6},"end":{"line":151,"column":7}},"78":{"start":{"line":148,"column":8},"end":{"line":148,"column":115}},"79":{"start":{"line":150,"column":8},"end":{"line":150,"column":58}},"80":{"start":{"line":156,"column":0},"end":{"line":178,"column":2}},"81":{"start":{"line":158,"column":2},"end":{"line":177,"column":3}},"82":{"start":{"line":159,"column":4},"end":{"line":159,"column":64}},"83":{"start":{"line":161,"column":4},"end":{"line":163,"column":5}},"84":{"start":{"line":162,"column":6},"end":{"line":162,"column":23}},"85":{"start":{"line":165,"column":4},"end":{"line":176,"column":7}},"86":{"start":{"line":166,"column":6},"end":{"line":175,"column":7}},"87":{"start":{"line":167,"column":8},"end":{"line":167,"column":47}},"88":{"start":{"line":169,"column":8},"end":{"line":169,"column":22}},"89":{"start":{"line":170,"column":8},"end":{"line":170,"column":52}},"90":{"start":{"line":171,"column":13},"end":{"line":175,"column":7}},"91":{"start":{"line":172,"column":8},"end":{"line":172,"column":65}},"92":{"start":{"line":174,"column":8},"end":{"line":174,"column":134}},"93":{"start":{"line":180,"column":0},"end":{"line":224,"column":2}},"94":{"start":{"line":181,"column":2},"end":{"line":223,"column":5}},"95":{"start":{"line":182,"column":4},"end":{"line":222,"column":5}},"96":{"start":{"line":183,"column":6},"end":{"line":183,"column":61}},"97":{"start":{"line":185,"column":6},"end":{"line":221,"column":7}},"98":{"start":{"line":186,"column":8},"end":{"line":190,"column":9}},"99":{"start":{"line":187,"column":10},"end":{"line":187,"column":105}},"100":{"start":{"line":189,"column":10},"end":{"line":189,"column":61}},"101":{"start":{"line":191,"column":13},"end":{"line":221,"column":7}},"102":{"start":{"line":192,"column":8},"end":{"line":197,"column":9}},"103":{"start":{"line":194,"column":10},"end":{"line":194,"column":84}},"104":{"start":{"line":196,"column":10},"end":{"line":196,"column":46}},"105":{"start":{"line":198,"column":13},"end":{"line":221,"column":7}},"106":{"start":{"line":199,"column":8},"end":{"line":218,"column":9}},"107":{"start":{"line":200,"column":10},"end":{"line":200,"column":65}},"108":{"start":{"line":202,"column":10},"end":{"line":217,"column":11}},"109":{"start":{"line":203,"column":12},"end":{"line":207,"column":13}},"110":{"start":{"line":204,"column":14},"end":{"line":204,"column":109}},"111":{"start":{"line":206,"column":14},"end":{"line":206,"column":65}},"112":{"start":{"line":208,"column":17},"end":{"line":217,"column":11}},"113":{"start":{"line":209,"column":12},"end":{"line":214,"column":13}},"114":{"start":{"line":211,"column":14},"end":{"line":211,"column":88}},"115":{"start":{"line":213,"column":14},"end":{"line":213,"column":50}},"116":{"start":{"line":216,"column":12},"end":{"line":216,"column":63}},"117":{"start":{"line":220,"column":8},"end":{"line":220,"column":59}},"118":{"start":{"line":226,"column":0},"end":{"line":241,"column":2}},"119":{"start":{"line":227,"column":2},"end":{"line":240,"column":5}},"120":{"start":{"line":228,"column":4},"end":{"line":239,"column":5}},"121":{"start":{"line":229,"column":6},"end":{"line":229,"column":67}},"122":{"start":{"line":230,"column":11},"end":{"line":239,"column":5}},"123":{"start":{"line":231,"column":6},"end":{"line":235,"column":7}},"124":{"start":{"line":232,"column":8},"end":{"line":232,"column":194}},"125":{"start":{"line":234,"column":8},"end":{"line":234,"column":44}},"126":{"start":{"line":238,"column":6},"end":{"line":238,"column":192}},"127":{"start":{"line":243,"column":0},"end":{"line":251,"column":2}},"128":{"start":{"line":244,"column":2},"end":{"line":250,"column":5}},"129":{"start":{"line":245,"column":4},"end":{"line":249,"column":5}},"130":{"start":{"line":246,"column":6},"end":{"line":246,"column":43}},"131":{"start":{"line":248,"column":6},"end":{"line":248,"column":58}},"132":{"start":{"line":253,"column":0},"end":{"line":261,"column":2}},"133":{"start":{"line":254,"column":2},"end":{"line":260,"column":5}},"134":{"start":{"line":255,"column":4},"end":{"line":259,"column":5}},"135":{"start":{"line":256,"column":6},"end":{"line":256,"column":47}},"136":{"start":{"line":258,"column":6},"end":{"line":258,"column":58}},"137":{"start":{"line":263,"column":0},"end":{"line":456,"column":2}},"138":{"start":{"line":264,"column":2},"end":{"line":455,"column":5}},"139":{"start":{"line":265,"column":4},"end":{"line":265,"column":36}},"140":{"start":{"line":268,"column":4},"end":{"line":268,"column":15}},"141":{"start":{"line":269,"column":4},"end":{"line":273,"column":5}},"142":{"start":{"line":270,"column":6},"end":{"line":270,"column":96}},"143":{"start":{"line":272,"column":6},"end":{"line":272,"column":96}},"144":{"start":{"line":275,"column":4},"end":{"line":275,"column":24}},"145":{"start":{"line":278,"column":4},"end":{"line":278,"column":17}},"146":{"start":{"line":279,"column":4},"end":{"line":303,"column":5}},"147":{"start":{"line":281,"column":8},"end":{"line":281,"column":124}},"148":{"start":{"line":282,"column":8},"end":{"line":282,"column":14}},"149":{"start":{"line":287,"column":8},"end":{"line":287,"column":89}},"150":{"start":{"line":288,"column":8},"end":{"line":288,"column":14}},"151":{"start":{"line":291,"column":8},"end":{"line":291,"column":122}},"152":{"start":{"line":292,"column":8},"end":{"line":292,"column":14}},"153":{"start":{"line":296,"column":8},"end":{"line":302,"column":9}},"154":{"start":{"line":297,"column":10},"end":{"line":297,"column":91}},"155":{"start":{"line":298,"column":15},"end":{"line":302,"column":9}},"156":{"start":{"line":299,"column":10},"end":{"line":299,"column":91}},"157":{"start":{"line":301,"column":10},"end":{"line":301,"column":77}},"158":{"start":{"line":304,"column":4},"end":{"line":304,"column":26}},"159":{"start":{"line":306,"column":4},"end":{"line":306,"column":18}},"160":{"start":{"line":309,"column":4},"end":{"line":309,"column":16}},"161":{"start":{"line":310,"column":4},"end":{"line":373,"column":5}},"162":{"start":{"line":311,"column":6},"end":{"line":320,"column":7}},"163":{"start":{"line":313,"column":10},"end":{"line":313,"column":108}},"164":{"start":{"line":314,"column":10},"end":{"line":314,"column":16}},"165":{"start":{"line":318,"column":10},"end":{"line":318,"column":98}},"166":{"start":{"line":319,"column":10},"end":{"line":319,"column":16}},"167":{"start":{"line":321,"column":11},"end":{"line":373,"column":5}},"168":{"start":{"line":322,"column":6},"end":{"line":360,"column":7}},"169":{"start":{"line":323,"column":8},"end":{"line":333,"column":9}},"170":{"start":{"line":326,"column":12},"end":{"line":326,"column":110}},"171":{"start":{"line":327,"column":12},"end":{"line":327,"column":18}},"172":{"start":{"line":331,"column":12},"end":{"line":331,"column":100}},"173":{"start":{"line":332,"column":12},"end":{"line":332,"column":18}},"174":{"start":{"line":335,"column":8},"end":{"line":359,"column":9}},"175":{"start":{"line":336,"column":10},"end":{"line":346,"column":11}},"176":{"start":{"line":339,"column":14},"end":{"line":339,"column":112}},"177":{"start":{"line":340,"column":14},"end":{"line":340,"column":20}},"178":{"start":{"line":344,"column":14},"end":{"line":344,"column":102}},"179":{"start":{"line":345,"column":14},"end":{"line":345,"column":20}},"180":{"start":{"line":348,"column":10},"end":{"line":358,"column":11}},"181":{"start":{"line":351,"column":14},"end":{"line":351,"column":112}},"182":{"start":{"line":352,"column":14},"end":{"line":352,"column":20}},"183":{"start":{"line":356,"column":14},"end":{"line":356,"column":102}},"184":{"start":{"line":357,"column":14},"end":{"line":357,"column":20}},"185":{"start":{"line":362,"column":6},"end":{"line":372,"column":7}},"186":{"start":{"line":365,"column":10},"end":{"line":365,"column":108}},"187":{"start":{"line":366,"column":10},"end":{"line":366,"column":16}},"188":{"start":{"line":370,"column":10},"end":{"line":370,"column":98}},"189":{"start":{"line":371,"column":10},"end":{"line":371,"column":16}},"190":{"start":{"line":375,"column":4},"end":{"line":375,"column":25}},"191":{"start":{"line":378,"column":4},"end":{"line":378,"column":16}},"192":{"start":{"line":379,"column":4},"end":{"line":452,"column":5}},"193":{"start":{"line":380,"column":6},"end":{"line":391,"column":7}},"194":{"start":{"line":382,"column":10},"end":{"line":382,"column":114}},"195":{"start":{"line":383,"column":10},"end":{"line":383,"column":16}},"196":{"start":{"line":386,"column":10},"end":{"line":386,"column":101}},"197":{"start":{"line":387,"column":10},"end":{"line":387,"column":16}},"198":{"start":{"line":390,"column":10},"end":{"line":390,"column":101}},"199":{"start":{"line":392,"column":11},"end":{"line":452,"column":5}},"200":{"start":{"line":393,"column":6},"end":{"line":437,"column":7}},"201":{"start":{"line":394,"column":8},"end":{"line":406,"column":9}},"202":{"start":{"line":397,"column":12},"end":{"line":397,"column":103}},"203":{"start":{"line":398,"column":12},"end":{"line":398,"column":18}},"204":{"start":{"line":401,"column":12},"end":{"line":401,"column":116}},"205":{"start":{"line":402,"column":12},"end":{"line":402,"column":18}},"206":{"start":{"line":405,"column":12},"end":{"line":405,"column":103}},"207":{"start":{"line":408,"column":8},"end":{"line":436,"column":9}},"208":{"start":{"line":409,"column":10},"end":{"line":421,"column":11}},"209":{"start":{"line":412,"column":14},"end":{"line":412,"column":105}},"210":{"start":{"line":413,"column":14},"end":{"line":413,"column":20}},"211":{"start":{"line":416,"column":14},"end":{"line":416,"column":118}},"212":{"start":{"line":417,"column":14},"end":{"line":417,"column":20}},"213":{"start":{"line":420,"column":14},"end":{"line":420,"column":105}},"214":{"start":{"line":423,"column":10},"end":{"line":435,"column":11}},"215":{"start":{"line":426,"column":14},"end":{"line":426,"column":105}},"216":{"start":{"line":427,"column":14},"end":{"line":427,"column":20}},"217":{"start":{"line":430,"column":14},"end":{"line":430,"column":118}},"218":{"start":{"line":431,"column":14},"end":{"line":431,"column":20}},"219":{"start":{"line":434,"column":14},"end":{"line":434,"column":105}},"220":{"start":{"line":439,"column":6},"end":{"line":451,"column":7}},"221":{"start":{"line":442,"column":10},"end":{"line":442,"column":101}},"222":{"start":{"line":443,"column":10},"end":{"line":443,"column":16}},"223":{"start":{"line":446,"column":10},"end":{"line":446,"column":114}},"224":{"start":{"line":447,"column":10},"end":{"line":447,"column":16}},"225":{"start":{"line":450,"column":10},"end":{"line":450,"column":101}},"226":{"start":{"line":454,"column":4},"end":{"line":454,"column":25}},"227":{"start":{"line":458,"column":0},"end":{"line":532,"column":2}},"228":{"start":{"line":459,"column":2},"end":{"line":459,"column":20}},"229":{"start":{"line":460,"column":2},"end":{"line":460,"column":25}},"230":{"start":{"line":461,"column":2},"end":{"line":461,"column":17}},"231":{"start":{"line":463,"column":2},"end":{"line":478,"column":3}},"232":{"start":{"line":465,"column":4},"end":{"line":477,"column":5}},"233":{"start":{"line":467,"column":6},"end":{"line":467,"column":29}},"234":{"start":{"line":470,"column":6},"end":{"line":470,"column":68}},"235":{"start":{"line":471,"column":6},"end":{"line":471,"column":13}},"236":{"start":{"line":476,"column":6},"end":{"line":476,"column":28}},"237":{"start":{"line":480,"column":2},"end":{"line":531,"column":3}},"238":{"start":{"line":481,"column":4},"end":{"line":505,"column":7}},"239":{"start":{"line":482,"column":6},"end":{"line":482,"column":67}},"240":{"start":{"line":484,"column":6},"end":{"line":486,"column":7}},"241":{"start":{"line":485,"column":8},"end":{"line":485,"column":88}},"242":{"start":{"line":488,"column":6},"end":{"line":488,"column":35}},"243":{"start":{"line":489,"column":6},"end":{"line":489,"column":20}},"244":{"start":{"line":491,"column":6},"end":{"line":504,"column":7}},"245":{"start":{"line":492,"column":8},"end":{"line":492,"column":22}},"246":{"start":{"line":494,"column":8},"end":{"line":494,"column":55}},"247":{"start":{"line":496,"column":8},"end":{"line":499,"column":10}},"248":{"start":{"line":501,"column":8},"end":{"line":501,"column":90}},"249":{"start":{"line":502,"column":8},"end":{"line":502,"column":57}},"250":{"start":{"line":503,"column":8},"end":{"line":503,"column":78}},"251":{"start":{"line":508,"column":4},"end":{"line":530,"column":7}},"252":{"start":{"line":509,"column":6},"end":{"line":511,"column":7}},"253":{"start":{"line":510,"column":8},"end":{"line":510,"column":88}},"254":{"start":{"line":513,"column":6},"end":{"line":513,"column":35}},"255":{"start":{"line":514,"column":6},"end":{"line":514,"column":20}},"256":{"start":{"line":516,"column":6},"end":{"line":529,"column":7}},"257":{"start":{"line":517,"column":8},"end":{"line":517,"column":22}},"258":{"start":{"line":519,"column":8},"end":{"line":519,"column":55}},"259":{"start":{"line":521,"column":8},"end":{"line":524,"column":10}},"260":{"start":{"line":526,"column":8},"end":{"line":526,"column":90}},"261":{"start":{"line":527,"column":8},"end":{"line":527,"column":57}},"262":{"start":{"line":528,"column":8},"end":{"line":528,"column":78}},"263":{"start":{"line":534,"column":0},"end":{"line":573,"column":2}},"264":{"start":{"line":535,"column":2},"end":{"line":572,"column":3}},"265":{"start":{"line":536,"column":4},"end":{"line":549,"column":7}},"266":{"start":{"line":537,"column":6},"end":{"line":539,"column":7}},"267":{"start":{"line":538,"column":8},"end":{"line":538,"column":54}},"268":{"start":{"line":541,"column":6},"end":{"line":541,"column":40}},"269":{"start":{"line":542,"column":6},"end":{"line":548,"column":7}},"270":{"start":{"line":543,"column":8},"end":{"line":547,"column":9}},"271":{"start":{"line":544,"column":10},"end":{"line":544,"column":70}},"272":{"start":{"line":546,"column":10},"end":{"line":546,"column":67}},"273":{"start":{"line":551,"column":4},"end":{"line":571,"column":7}},"274":{"start":{"line":552,"column":6},"end":{"line":570,"column":7}},"275":{"start":{"line":553,"column":8},"end":{"line":564,"column":9}},"276":{"start":{"line":554,"column":10},"end":{"line":554,"column":77}},"277":{"start":{"line":557,"column":10},"end":{"line":557,"column":33}},"278":{"start":{"line":558,"column":15},"end":{"line":564,"column":9}},"279":{"start":{"line":559,"column":10},"end":{"line":559,"column":81}},"280":{"start":{"line":560,"column":15},"end":{"line":564,"column":9}},"281":{"start":{"line":561,"column":10},"end":{"line":561,"column":56}},"282":{"start":{"line":563,"column":10},"end":{"line":563,"column":83}},"283":{"start":{"line":566,"column":8},"end":{"line":566,"column":73}},"284":{"start":{"line":569,"column":8},"end":{"line":569,"column":31}},"285":{"start":{"line":575,"column":0},"end":{"line":602,"column":2}},"286":{"start":{"line":576,"column":2},"end":{"line":601,"column":3}},"287":{"start":{"line":577,"column":4},"end":{"line":577,"column":21}},"288":{"start":{"line":579,"column":4},"end":{"line":600,"column":7}},"289":{"start":{"line":580,"column":6},"end":{"line":599,"column":7}},"290":{"start":{"line":582,"column":10},"end":{"line":582,"column":75}},"291":{"start":{"line":583,"column":10},"end":{"line":583,"column":16}},"292":{"start":{"line":586,"column":10},"end":{"line":586,"column":77}},"293":{"start":{"line":587,"column":10},"end":{"line":587,"column":16}},"294":{"start":{"line":590,"column":10},"end":{"line":590,"column":79}},"295":{"start":{"line":591,"column":10},"end":{"line":591,"column":24}},"296":{"start":{"line":593,"column":10},"end":{"line":593,"column":33}},"297":{"start":{"line":594,"column":10},"end":{"line":594,"column":16}},"298":{"start":{"line":597,"column":10},"end":{"line":597,"column":56}},"299":{"start":{"line":598,"column":10},"end":{"line":598,"column":16}},"300":{"start":{"line":604,"column":0},"end":{"line":611,"column":2}},"301":{"start":{"line":605,"column":2},"end":{"line":610,"column":5}},"302":{"start":{"line":606,"column":4},"end":{"line":608,"column":5}},"303":{"start":{"line":607,"column":6},"end":{"line":607,"column":24}},"304":{"start":{"line":609,"column":4},"end":{"line":609,"column":92}}},"branchMap":{"1":{"line":33,"type":"if","locations":[{"start":{"line":33,"column":4},"end":{"line":33,"column":4}},{"start":{"line":33,"column":4},"end":{"line":33,"column":4}}]},"2":{"line":34,"type":"if","locations":[{"start":{"line":34,"column":6},"end":{"lin
[...]
));","        }","      } else if (stderr.split('\\n')[0].split(' ')[0] === 'To') {","        if (stderr.split('\\n')[1].split(' ')[1] === '!') { // Need to pull first.","          // TODO: add handling for non-fast-forwards (when you need to pull first, merge, and then push).","          console.log(notice('[~] Push rejected! Pull changes from remote first.'));","        } else {","          console.log(success('[✔] Pushed!'));","        }","      } else if (stderr.split('\\n')[0].substring(0, 30) === 'warning: push.default is unset') {","        if (stderr.split('\\n')[21] === 'Everything up-to-date') {","          console.log(notice('[~] All commits already pushed.'));","        } else {","          if (stderr.split('\\n')[22].split(' ')[0] === 'fatal:') {","            if (stderr.split('\\n')[22].substring(0, 23) === 'fatal: unable to access') {","              console.log(whoops('[✖] Unable to access remote repository due to insufficient permissions.'));","            } else {","              console.log(whoops('[✖] Could not push commits.'));","            }","          } else if (stderr.split('\\n')[21].split(' ')[0] === 'To') {","            if (stderr.split('\\n')[22].split(' ')[1] === '!') { // Need to pull first.","              // TODO: add handling for non-fast-forwards (when you need to pull first, merge, and then push).","              console.log(notice('[~] Push rejected! Pull changes from remote first.'));","            } else {","              console.log(success('[✔] Pushed!'));","            }","          } else { // Generic error.","            console.log(whoops('[✖] Could not push commits.'));","          }","        }","      } else { // Generic error.","        console.log(whoops('[✖] Could not push commits.'));","      }","    }","  });","};","","exports.pull = function() {","  exec('git pull', function(error, stdout, stderr) {","    if (stdout.substring(0, 7) === 'Already') {","      console.log(notice('[~] Everything is already up-to-date.'));","    } else if (stdout.substring(0, 8) === 'Updating') {","      if (stdout.split('\\n')[1] === 'error: Your local changes to the following files would be overwritten by merge:') {","        console.log(whoops('[✖] Could not pull commits.') + chalk.red(' (may have to pull using the ') + chalk.red.underline('standard git command') + chalk.red(' to handle merge conflicts.)'));","      } else {","        console.log(success('[✔] Pulled!'));","      }","    } else {","      // TODO: add handling for merge conflicts.","      console.log(whoops('[✖] Could not pull commits.') + chalk.red(' (may have to pull using the ') + chalk.red.underline('standard git command') + chalk.red(' to handle merge conflicts.)'));","    }","  });","};","","exports.fetch = function() {","  exec('git fetch', function(error, stdout, stderr) {","    if (stdout === '' && stderr === '') {","      console.log(success('[✔] Fetched!'));","    } else {","      console.log(whoops('[✖] Could not fetch commits.'));","    }","  });","};","","exports.fetchAll = function() {","  exec('git fetch --all', function(error, stdout, stderr) {","    if (stderr === '') {","      console.log(success('[✔] Fetched all!'));","    } else {","      console.log(whoops('[✖] Could not fetch commits.'));","    }","  });","};","","exports.status = function() {","  exec('git status', function(error, stdout, stderr) {","    var status = stdout.split('\\n');","","    // Branch.","    var branch;","    if (status[0].split(' ')[0] === 'HEAD') { // If HEAD is at a commit.","      branch = chalk.dim('branch  ') + chalk.gray.dim(' | ') + success(status[0].split(' ')[3]);","    } else {","      branch = chalk.dim('branch  ') + chalk.gray.dim(' | ') + success(status[0].split(' ')[2]);","    }","","    console.log(branch);","","    // Position in branch.","    var position;","    switch (status[1].split(' ')[3]) {","      case 'behind':","        position = 'position' + chalk.gray.dim(' | ') + notice(status[1].split(' ')[7] + ' commits behind (fetch or pull)');","        break;","","      case 'for': // Quick hack to get it working when changes are not staged.","      case 'working': // Quick hack to get it working with freshly initialized git repositories.","      case 'up-to-date':","        position = chalk.dim('position') + chalk.gray.dim(' | ') + success('up-to-date');","        break;","","      case 'ahead':","        position = 'position' + chalk.gray.dim(' | ') + notice(status[1].split(' ')[7] + ' commits ahead (push commits)');","        break;","","      default:","        // TODO: add proper handling for freshly initialized git repositories.","        if (typeof status[1].split(' ')[3] === 'undefined') { // Quick hack to get it working with freshly initialized git repositories.","          position = chalk.dim('position') + chalk.gray.dim(' | ') + success('up-to-date');","        } else if (status[1] === 'Changes to be committed:') {","          position = chalk.dim('position') + chalk.gray.dim(' | ') + success('up-to-date');","        } else {","          position = 'position' + chalk.gray.dim(' | ') + whoops('diverged');","        }","    }","    console.log(position);","","    console.log();","","    // Staging.","    var staging;","    if (status[2] === 'Initial commit') { // Fresh repository.","      switch (status[4]) {","        case 'Untracked files:':","          staging = 'staging ' + chalk.gray.dim(' | ') + notice('not all changes staged (add all changes)');","          break;","","        case 'Changes to be committed:':","        case 'nothing to commit (create/copy files and use \"git add\" to track)':","          staging = chalk.dim('staging ') + chalk.gray.dim(' | ') + success('all changes staged');","          break;","      }","    } else if (status[1].substring(0, 14) === 'Your branch is') { // There's a remote origin.","      if (status[2] === '  (use \"git pull\" to update your local branch)' || status[2] === '  (use \"git push\" to publish your local commits)') {","        switch (status[4]) {","          case 'Changes not staged for commit:':","          case 'Untracked files:':","            staging = 'staging ' + chalk.gray.dim(' | ') + notice('not all changes staged (add all changes)');","            break;","","          case 'Changes to be committed:':","          case 'nothing to commit, working directory clean':","            staging = chalk.dim('staging ') + chalk.gray.dim(' | ') + success('all changes staged');","            break;","        }","      } else {","        if (status[2] === '') {","          switch (status[3]) {","            case 'Changes not staged for commit:':","            case 'Untracked files:':","              staging = 'staging ' + chalk.gray.dim(' | ') + notice('not all changes staged (add all changes)');","              break;","","            case 'Changes to be committed:':","            case 'nothing to commit, working directory clean':","              staging = chalk.dim('staging ') + chalk.gray.dim(' | ') + success('all changes staged');","              break;","          }","        } else {","          switch (status[2]) {","            case 'Changes not staged for commit:':","            case 'Untracked files:':","              staging = 'staging ' + chalk.gray.dim(' | ') + notice('not all changes staged (add all changes)');","              break;","","            case 'Changes to be committed:':","            case 'nothing to commit, working directory clean':","              staging = chalk.dim('staging ') + chalk.gray.dim(' | ') + success('all changes staged');","              break;","          }","        }","      }","    } else { // No remote.","      switch (status[1]) {","        case 'Changes not staged for commit:':","        case 'Untracked files:':","          staging = 'staging ' + chalk.gray.dim(' | ') + notice('not all changes staged (add all changes)');","          break;","","        case 'Changes to be committed:':","        case 'nothing to commit, working directory clean':","          staging = chalk.dim('staging ') + chalk.gray.dim(' | ') + success('all changes staged');","          break;","      }","    }","","    console.log(staging);","","    // Commits.","    var commits;","    if (status[2] === 'Initial commit') {","      switch (status[4]) {","        case 'Changes to be committed:':","          commits = 'commits ' + chalk.gray.dim(' | ') + notice('not all changes committed (commit all changes)');","          break;","","        case 'nothing to commit (create/copy files and use \"git add\" to track)':","          commits = chalk.dim('commits ') + chalk.gray.dim(' | ') + success('all changes committed');","          break;","","        default:","          commits = chalk.dim('commits ') + chalk.gray.dim(' | ') + success('all changes committed');","      }","    } else if (status[1].substring(0, 14) === 'Your branch is') { // There's a remote origin.","      if (status[2] === '  (use \"git pull\" to update your local branch)' || status[2] === '  (use \"git push\" to publish your local commits)') {","        switch (status[4]) {","          case 'Changes not staged for commit:':","          case 'nothing to commit, working directory clean':","            commits = chalk.dim('commits ') + chalk.gray.dim(' | ') + success('all changes committed');","            break;","","          case 'Changes to be committed:':","            commits = 'commits ' + chalk.gray.dim(' | ') + notice('not all changes committed (commit all changes)');","            break;","","          default:","            commits = chalk.dim('commits ') + chalk.gray.dim(' | ') + success('all changes committed');","        }","      } else {","        if (status[2] === '') {","          switch (status[3]) {","            case 'Changes not staged for commit:':","            case 'nothing to commit, working directory clean':","              commits = chalk.dim('commits ') + chalk.gray.dim(' | ') + success('all changes committed');","              break;","","            case 'Changes to be committed:':","              commits = 'commits ' + chalk.gray.dim(' | ') + notice('not all changes committed (commit all changes)');","              break;","","            default:","              commits = chalk.dim('commits ') + chalk.gray.dim(' | ') + success('all changes committed');","          }","        } else {","          switch (status[2]) {","            case 'Changes not staged for commit:':","            case 'nothing to commit, working directory clean':","              commits = chalk.dim('commits ') + chalk.gray.dim(' | ') + success('all changes committed');","              break;","","            case 'Changes to be committed:':","              commits = 'commits ' + chalk.gray.dim(' | ') + notice('not all changes committed (commit all changes)');","              break;","","            default:","              commits = chalk.dim('commits ') + chalk.gray.dim(' | ') + success('all changes committed');","          }","        }","      }","    } else {","      switch (status[1]) {","        case 'Changes not staged for commit:':","        case 'nothing to commit, working directory clean':","          commits = chalk.dim('commits ') + chalk.gray.dim(' | ') + success('all changes committed');","          break;","","        case 'Changes to be committed:':","          commits = 'commits ' + chalk.gray.dim(' | ') + notice('not all changes committed (commit all changes)');","          break;","","        default:","          commits = chalk.dim('commits ') + chalk.gray.dim(' | ') + success('all changes committed');","      }","    }","","    console.log(commits);","  });","};","","exports.log = function(file) {","  var fileName = '';","  var fs = require('fs');","  var logCommand;","","  if (typeof file !== 'undefined' && file !== '') {","    // Testing if the file exists","    try {","      // Trying to open the file","      fs.openSync(file, 'r');","    } catch (ENOENT) {","      // If the file does not exist, we tell the user.","      console.log(whoops('[✖] File ' + file + ' does not exist. '));","      return;","    } finally {","      // We might have other read/write permission errors, etc.","      // But this is not what we are looking for","      // So ending here is good to continue, and we can process the git command","      fileName = ' ' + file;","    }","  }","","  if (isWindows) {","    exec('git log --pretty=format:{^|commit^|:^|%H^|,%n^|author^|:^|%an:%ae^|,%n^|date^|:^|%ad^|,%n^|message^|:^|%f^|},' + fileName, function(error, stdout, stderr) {","      stdout = '[' + stdout.replace(/\\|/g, '\"').slice(0, -1) + ']';","","      if (stdout === '[]\\n') { // No commits, so empty array is returned.","        console.log(notice('[~] No commits... yet! Commit with the \\'gg c\\' command.'));","      }","","      var log = JSON.parse(stdout);","      log.reverse(); // Show newest at the bottom.","","      for (var i = 0; i < log.length; i++) {","        console.log(); // New line between each commit.","","        console.log(notice('[' + log[i].commit + ']'));","","        var author = {","          name: log[i].author.split(':')[0].trim(),","          email: '<' + log[i].author.split(':')[1] + '>'","        };","","        console.log('|- ' + chalk.gray(author.name) + ' ' + chalk.gray.dim(author.email));","        console.log('|- ' + chalk.gray.dim(log[i].date));","        console.log('|- ' + chalk.green(log[i].message.split('-').join(' ')));","      }","    });","  } else {","    // https://gist.github.com/textarcana/1306223","    exec('git log --pretty=format:\\'{%n  \"commit\": \"%H\",%n  \"author\": \"%an <%ae>\",%n  \"date\": \"%ad\",%n  \"message\": \"%f\"%n},\\'' + fileName + ' $@ | perl -pe \\'BEGIN{print \"[\"}; END{print \"]\\n\"}\\' | perl -pe \\'s/},]/}]/\\'', function(error, stdout, stderr) {","      if (stdout === '[]\\n') { // No commits, so empty array is returned.","        console.log(notice('[~] No commits... yet! Commit with the \\'gg c\\' command.'));","      }","","      var log = JSON.parse(stdout);","      log.reverse(); // Show newest at the bottom.","","      for (var i = 0; i < log.length; i++) {","        console.log(); // New line between each commit.","","        console.log(notice('[' + log[i].commit + ']'));","","        var author = {","          name: log[i].author.split('<')[0].trim(),","          email: '<' + log[i].author.split('<')[1]","        };","","        console.log('|- ' + chalk.gray(author.name) + ' ' + chalk.gray.dim(author.email));","        console.log('|- ' + chalk.gray.dim(log[i].date));","        console.log('|- ' + chalk.green(log[i].message.split('-').join(' ')));","      }","    });","  }","};","","exports.branch = function(name) {","  if (name === '' || typeof name === 'undefined') { // List branches.","    exec('git branch', function(error, stdout, stderr) {","      if (stdout === '') {","        console.log(notice('[~] No branches exist.'));","      }","","      var branches = stdout.split('\\n');","      for (var i = 0; i < branches.length - 1; i++) {","        if (branches[i].substring(0, 1) === '*') { // Current branch.","          console.log('|- ' + success.bold(branches[i].substring(2)));","        } else {","          console.log(chalk.dim('|- ' + branches[i].substring(2)));","        }","      }","    });","  } else { // Create branch and checkout.","    exec('git branch ' + name, function(error, stdout, stderr) {","      if (stderr.split(' ')[0] === 'fatal:') {","        if (stderr.substring(0, 21) === 'fatal: A branch named') { // Branch already exists.","          console.log(notice('[~] Branch \\'' + name + '\\' already exists.'));","","          // Checkout branch.","          exports.checkout(name);","        } else if (stderr.slice(-24) === 'not a valid branch name.') { // Invalid branch name.","          console.log(notice('[~] \\'' + name + '\\' is an invalid branch name.'));","        } else if (stderr.substring(7, 30) === 'Not a valid object name') { // No branches exist.","          console.log(notice('[~] No branches exist.'));","        } else { // Generic error.","          console.log(whoops('[✖] Could not create new branch \\'' + name + '\\'.'));","        }","      } else {","        console.log(success('[✔] Created new branch \\'' + name + '\\'!'));","","        // Switch to new branch.","        exports.checkout(name);","      }","    });","  }","};","","exports.checkout = function(branch) {","  if (branch === '' || typeof branch === 'undefined') { // If no branch provided, list the branches.","    exports.branch();","  } else {","    exec('git checkout ' + branch, function(error, stdout, stderr) {","      switch (stderr.split(' ')[0]) {","        case 'Already':","          console.log(notice('[~] Already on branch \\'' + branch + '\\'.'));","          break;","","        case 'Switched':","          console.log(success('[✔] Switched to branch \\'' + branch + '\\'!'));","          break;","","        case 'error:': // Branch does not exist.","          console.log(notice('[~] Branch \\'' + branch + '\\' doesn\\'t exist.'));","          console.log();","","          exports.branch(branch);","          break;","","        case 'fatal':","          console.log(notice('[~] No branches exist.'));","          break;","      }","    });","  }","};","","exports.repoCheck = function(callback) {","  exec('git rev-parse', function(error, stdout, stderr) {","    if (stderr.length === 0) {","      return callback();","    }","    console.log(whoops('[✖] Not in a valid git repository! Run \"gg i\" to initialise one.'));","  });","};",""],"l":{"1":1,"4":1,"5":1,"10":1,"11":1,"12":1,"13":1,"16":1,"18":1,"19":0,"20":0,"22":0,"24":0,"27":1,"28":0,"29":0,"31":0,"32":0,"33":0,"34":0,"35":0,"36":0,"39":0,"40":0,"41":0,"47":1,"48":0,"49":0,"50":0,"52":0,"57":1,"58":0,"59":0,"61":0,"62":0,"63":0,"65":0,"68":0,"69":0,"70":0,"71":0,"73":0,"74":0,"77":0,"78":0,"79":0,"81":0,"89":1,"91":0,"92":0,"94":0,"95":0,"96":0,"97":0,"99":0,"102":0,"103":0,"105":0,"112":1,"113":0,"114":0,"116":0,"120":1,"121":0,"123":0,"126":1,"128":0,"129":0,"130":0,"132":0,"133":0,"135":0,"141":1,"143":0,"144":0,"145":0,"147":0,"148":0,"150":0,"156":1,"158":0,"159":0,"161":0,"162":0,"165":0,"166":0,"167":0,"169":0,"170":0,"171":0,"172":0,"174":0,"180":1,"181":0,"182":0,"183":0,"185":0,"186":0,"187":0,"189":0,"191":0,"192":0,"194":0,"196":0,"198":0,"199":0,"200":0,"202":0,"203":0,"204":0,"206":0,"208":0,"209":0,"211":0,"213":0,"216":0,"220":0,"226":1,"227":0,"228":0,"229":0,"230":0,"231":0,"232":0,"234":0,"238":0,"243":1,"244":0,"245":0,"246":0,"248":0,"253":1,"254":0,"255":0,"256":0,"258":0,"263":1,"264":0,"265":0,"268":0,"269":0,"270":0,"272":0,"275":0,"278":0,"279":0,"281":0,"282":0,"287":0,"288":0,"291":0,"292":0,"296":0,"297":0,"298":0,"299":0,"301":0,"304":0,"306":0,"309":0,"310":0,"311":0,"313":0,"314":0,"318":0,"319":0,"321":0,"322":0,"323":0,"326":0,"327":0,"331":0,"332":0,"335":0,"336":0,"339":0,"340":0,"344":0,"345":0,"348":0,"351":0,"352":0,"356":0,"357":0,"362":0,"365":0,"366":0,"370":0,"371":0,"375":0,"378":0,"379":0,"380":0,"382":0,"383":0,"386":0,"387":0,"390":0,"392":0,"393":0,"394":0,"397":0,"398":0,"401":0,"402":0,"405":0,"408":0,"409":0,"412":0,"413":0,"416":0,"417":0,"420":0,"423":0,"426":0,"427":0,"430":0,"431":0,"434":0,"439":0,"442":0,"443":0,"446":0,"447":0,"450":0,"454":0,"458":1,"459":0,"460":0,"461":0,"463":0,"465":0,"467":0,"470":0,"471":0,"476":0,"480":0,"481":0,"482":0,"484":0,"485":0,"488":0,"489":0,"491":0,"492":0,"494":0,"496":0,"501":0,"502":0,"503":0,"508":0,"509":0,"510":0,"513":0,"514":0,"516":0,"517":0,"519":0,"521":0,"526":0,"527":0,"528":0,"534":1,"535":0,"536":0,"537":0,"538":0,"541":0,"542":0,"543":0,"544":0,"546":0,"551":0,"552":0,"553":0,"554":0,"557":0,"558":0,"559":0,"560":0,"561":0,"563":0,"566":0,"569":0,"575":1,"576":0,"577":0,"579":0,"580":0,"582":0,"583":0,"586":0,"587":0,"590":0,"591":0,"593":0,"594":0,"597":0,"598":0,"604":1,"605":0,"606":0,"607":0,"609":0}}}